Using pre-set license
Built from '2022.3/staging' branch; Version is '2022.3.4f1 (35713cd46cd7) revision 3502396'; Using compiler version '192829333'; Build Type 'Release'
OS: 'Windows 10  (10.0.19045) 64bit Professional' Language: 'es' Physical Memory: 31891 MB
BatchMode: 1, IsHumanControllingUs: 0, StartBugReporterOnCrash: 0, Is64bit: 1, IsPro: 1

COMMAND LINE ARGUMENTS:
C:\Program Files\Unity\Hub\Editor\2022.3.4f1\Editor\Unity.exe
-adb2
-batchMode
-noUpm
-name
AssetImportWorker16
-projectPath
D:/Programacion/Portfolio/Portfolio/Portfolio
-logFile
Logs/AssetImportWorker16.log
-srvPort
60083
Successfully changed project path to: D:/Programacion/Portfolio/Portfolio/Portfolio
D:/Programacion/Portfolio/Portfolio/Portfolio
[UnityMemory] Configuration Parameters - Can be set up in boot.config
    "memorysetup-bucket-allocator-granularity=16"
    "memorysetup-bucket-allocator-bucket-count=8"
    "memorysetup-bucket-allocator-block-size=33554432"
    "memorysetup-bucket-allocator-block-count=8"
    "memorysetup-main-allocator-block-size=16777216"
    "memorysetup-thread-allocator-block-size=16777216"
    "memorysetup-gfx-main-allocator-block-size=16777216"
    "memorysetup-gfx-thread-allocator-block-size=16777216"
    "memorysetup-cache-allocator-block-size=4194304"
    "memorysetup-typetree-allocator-block-size=2097152"
    "memorysetup-profiler-bucket-allocator-granularity=16"
    "memorysetup-profiler-bucket-allocator-bucket-count=8"
    "memorysetup-profiler-bucket-allocator-block-size=33554432"
    "memorysetup-profiler-bucket-allocator-block-count=8"
    "memorysetup-profiler-allocator-block-size=16777216"
    "memorysetup-profiler-editor-allocator-block-size=1048576"
    "memorysetup-temp-allocator-size-main=16777216"
    "memorysetup-job-temp-allocator-block-size=2097152"
    "memorysetup-job-temp-allocator-block-size-background=1048576"
    "memorysetup-job-temp-allocator-reduction-small-platforms=262144"
    "memorysetup-allocator-temp-initial-block-size-main=262144"
    "memorysetup-allocator-temp-initial-block-size-worker=262144"
    "memorysetup-temp-allocator-size-background-worker=32768"
    "memorysetup-temp-allocator-size-job-worker=262144"
    "memorysetup-temp-allocator-size-preload-manager=33554432"
    "memorysetup-temp-allocator-size-nav-mesh-worker=65536"
    "memorysetup-temp-allocator-size-audio-worker=65536"
    "memorysetup-temp-allocator-size-cloud-worker=32768"
    "memorysetup-temp-allocator-size-gi-baking-worker=262144"
    "memorysetup-temp-allocator-size-gfx=262144"
Player connection [29472] Host "[IP] 192.168.1.33 [Port] 0 [Flags] 2 [Guid] 2434818543 [EditorId] 2434818543 [Version] 1048832 [Id] WindowsEditor(7,DESKTOP-ILG9IT3) [Debug] 1 [PackageName] WindowsEditor [ProjectName] Editor" joined multi-casting on [225.0.0.222:54997]...

Player connection [29472] Host "[IP] 192.168.1.33 [Port] 0 [Flags] 2 [Guid] 2434818543 [EditorId] 2434818543 [Version] 1048832 [Id] WindowsEditor(7,DESKTOP-ILG9IT3) [Debug] 1 [PackageName] WindowsEditor [ProjectName] Editor" joined alternative multi-casting on [225.0.0.222:34997]...

Refreshing native plugins compatible for Editor in 3.02 ms, found 3 plugins.
Preloading 0 native plugins for Editor in 0.00 ms.
Initialize engine version: 2022.3.4f1 (35713cd46cd7)
[Subsystems] Discovering subsystems at path C:/Program Files/Unity/Hub/Editor/2022.3.4f1/Editor/Data/Resources/UnitySubsystems
[Subsystems] Discovering subsystems at path D:/Programacion/Portfolio/Portfolio/Portfolio/Assets
GfxDevice: creating device client; threaded=0; jobified=0
Direct3D:
    Version:  Direct3D 11.0 [level 11.1]
    Renderer: NVIDIA GeForce RTX 4090 (ID=0x2684)
    Vendor:   NVIDIA
    VRAM:     24156 MB
    Driver:   31.0.15.4601
Initialize mono
Mono path[0] = 'C:/Program Files/Unity/Hub/Editor/2022.3.4f1/Editor/Data/Managed'
Mono path[1] = 'C:/Program Files/Unity/Hub/Editor/2022.3.4f1/Editor/Data/MonoBleedingEdge/lib/mono/unityjit-win32'
Mono config path = 'C:/Program Files/Unity/Hub/Editor/2022.3.4f1/Editor/Data/MonoBleedingEdge/etc'
Using monoOptions --debugger-agent=transport=dt_socket,embedding=1,server=y,suspend=n,address=127.0.0.1:56432
Begin MonoManager ReloadAssembly
Registering precompiled unity dll's ...
Register platform support module: C:/Program Files/Unity/Hub/Editor/2022.3.4f1/Editor/Data/PlaybackEngines/WebGLSupport/UnityEditor.WebGL.Extensions.dll
Register platform support module: C:/Program Files/Unity/Hub/Editor/2022.3.4f1/Editor/Data/PlaybackEngines/WindowsStandaloneSupport/UnityEditor.WindowsStandalone.Extensions.dll
Registered in 0.005079 seconds.
- Loaded All Assemblies, in  0.191 seconds
Native extension for WindowsStandalone target not found
Native extension for WebGL target not found
Mono: successfully reloaded assembly
- Finished resetting the current domain, in  0.141 seconds
Domain Reload Profiling: 331ms
	BeginReloadAssembly (55ms)
		ExecutionOrderSort (0ms)
		DisableScriptedObjects (0ms)
		BackupInstance (0ms)
		ReleaseScriptingObjects (0ms)
		CreateAndSetChildDomain (0ms)
	RebuildCommonClasses (19ms)
	RebuildNativeTypeToScriptingClass (6ms)
	initialDomainReloadingComplete (33ms)
	LoadAllAssembliesAndSetupDomain (77ms)
		LoadAssemblies (54ms)
		RebuildTransferFunctionScriptingTraits (0ms)
		AnalyzeDomain (73ms)
			TypeCache.Refresh (73ms)
				TypeCache.ScanAssembly (66ms)
			ScanForSourceGeneratedMonoScriptInfo (0ms)
			ResolveRequiredComponents (0ms)
	FinalizeReload (141ms)
		ReleaseScriptCaches (0ms)
		RebuildScriptCaches (0ms)
		SetupLoadedEditorAssemblies (109ms)
			LogAssemblyErrors (0ms)
			InitializePlatformSupportModulesInManaged (6ms)
			SetLoadedEditorAssemblies (3ms)
			RefreshPlugins (0ms)
			BeforeProcessingInitializeOnLoad (1ms)
			ProcessInitializeOnLoadAttributes (75ms)
			ProcessInitializeOnLoadMethodAttributes (25ms)
			AfterProcessingInitializeOnLoad (0ms)
			EditorAssembliesLoaded (0ms)
		ExecutionOrderSort2 (0ms)
		AwakeInstancesAfterBackupRestoration (0ms)
========================================================================
Worker process is ready to serve import requests
Begin MonoManager ReloadAssembly
Symbol file LoadedFromMemory doesn't match image D:\Programacion\Portfolio\Portfolio\Portfolio\Library\PackageCache\com.unity.visualscripting@1.8.0\Editor\VisualScripting.Core\Dependencies\YamlDotNet\Unity.VisualScripting.YamlDotNet.dll
Symbol file LoadedFromMemory doesn't match image D:\Programacion\Portfolio\Portfolio\Portfolio\Library\PackageCache\com.unity.visualscripting@1.8.0\Editor\VisualScripting.Core\Dependencies\DotNetZip\Unity.VisualScripting.IonicZip.dll
- Loaded All Assemblies, in  0.424 seconds
Refreshing native plugins compatible for Editor in 1.20 ms, found 3 plugins.
Native extension for WindowsStandalone target not found
Native extension for WebGL target not found
Mono: successfully reloaded assembly
- Finished resetting the current domain, in  0.284 seconds
Domain Reload Profiling: 707ms
	BeginReloadAssembly (77ms)
		ExecutionOrderSort (0ms)
		DisableScriptedObjects (3ms)
		BackupInstance (0ms)
		ReleaseScriptingObjects (0ms)
		CreateAndSetChildDomain (18ms)
	RebuildCommonClasses (20ms)
	RebuildNativeTypeToScriptingClass (7ms)
	initialDomainReloadingComplete (23ms)
	LoadAllAssembliesAndSetupDomain (296ms)
		LoadAssemblies (145ms)
		RebuildTransferFunctionScriptingTraits (0ms)
		AnalyzeDomain (183ms)
			TypeCache.Refresh (169ms)
				TypeCache.ScanAssembly (160ms)
			ScanForSourceGeneratedMonoScriptInfo (12ms)
			ResolveRequiredComponents (3ms)
	FinalizeReload (284ms)
		ReleaseScriptCaches (0ms)
		RebuildScriptCaches (0ms)
		SetupLoadedEditorAssemblies (199ms)
			LogAssemblyErrors (0ms)
			InitializePlatformSupportModulesInManaged (4ms)
			SetLoadedEditorAssemblies (2ms)
			RefreshPlugins (0ms)
			BeforeProcessingInitializeOnLoad (34ms)
			ProcessInitializeOnLoadAttributes (143ms)
			ProcessInitializeOnLoadMethodAttributes (11ms)
			AfterProcessingInitializeOnLoad (5ms)
			EditorAssembliesLoaded (0ms)
		ExecutionOrderSort2 (0ms)
		AwakeInstancesAfterBackupRestoration (4ms)
Launched and connected shader compiler UnityShaderCompiler.exe after 0.04 seconds
Refreshing native plugins compatible for Editor in 0.86 ms, found 3 plugins.
Preloading 0 native plugins for Editor in 0.00 ms.
Unloading 3546 Unused Serialized files (Serialized files now loaded: 0)
Unloading 36 unused Assets / (106.4 KB). Loaded Objects now: 4013.
Memory consumption went from 136.8 MB to 136.7 MB.
Total: 2.284600 ms (FindLiveObjects: 0.192400 ms CreateObjectMapping: 0.066100 ms MarkObjects: 1.919300 ms  DeleteObjects: 0.106200 ms)

AssetImportParameters requested are different than current active one (requested -> active):
  custom:container-demuxer-ogg: 62fdf1f143b41e24485cea50d1cbac27 -> 
  custom:video-decoder-ogg-theora: a1e56fd34408186e4bbccfd4996cb3dc -> 
  custom:framework-win-MediaFoundation: 216162199b28c13a410421893ffa2e32 -> 
  custom:CustomObjectIndexerAttribute: 756ad292c208cfabdd7b50bc23989ffe -> 
  custom:container-demuxer-webm: 4f35f7cbe854078d1ac9338744f61a02 -> 
  custom:container-muxer-webm: aa71ff27fc2769a1b78a27578f13a17b -> 
  custom:video-decoder-webm-vp8: 9c59270c3fd7afecdb556c50c9e8de78 -> 
  custom:AudioImporter_EditorPlatform: d09bf68614088b80899f8185d706f6e7 -> 
  custom:video-encoder-webm-vp8: eb34c28f22e8b96e1ab97ce403110664 -> 
  custom:audio-decoder-ogg-vorbis: bf7c407c2cedff20999df2af8eb42d56 -> 
  custom:audio-encoder-webm-vorbis: bf7c407c2cedff20999df2af8eb42d56 -> 
========================================================================
Received Import Request.
  Time since last request: 30019.003420 seconds.
  path: Assets/Pruebas random generation/Prefab/Giro +X +Z.prefab
  artifactKey: Guid(b3a2c9f993a289a4ca36007995c3ded1) Importer(815301076,1909f56bfc062723c751e8b465ee728b)
Start importing Assets/Pruebas random generation/Prefab/Giro +X +Z.prefab using Guid(b3a2c9f993a289a4ca36007995c3ded1) Importer(815301076,1909f56bfc062723c751e8b465ee728b)  -> (artifact id: 'deab2a8c63f441b2945eeb7f1d3336b2') in 0.064282 seconds
Number of updated asset objects reloaded before import = 0
Number of asset objects unloaded after import = 119
========================================================================
Received Import Request.
  Time since last request: 1.788988 seconds.
  path: Assets/Pruebas random generation/Prefab/Giro +X +Z.prefab
  artifactKey: Guid(b3a2c9f993a289a4ca36007995c3ded1) Importer(815301076,1909f56bfc062723c751e8b465ee728b)
Start importing Assets/Pruebas random generation/Prefab/Giro +X +Z.prefab using Guid(b3a2c9f993a289a4ca36007995c3ded1) Importer(815301076,1909f56bfc062723c751e8b465ee728b)  -> (artifact id: 'ab024e9fc9a21eca1a14650b7bb3a721') in 0.006589 seconds
Number of updated asset objects reloaded before import = 0
Number of asset objects unloaded after import = 119
========================================================================
Received Import Request.
  Time since last request: 2.021305 seconds.
  path: Assets/Pruebas random generation/Prefab/Giro +X +Z.prefab
  artifactKey: Guid(b3a2c9f993a289a4ca36007995c3ded1) Importer(815301076,1909f56bfc062723c751e8b465ee728b)
Start importing Assets/Pruebas random generation/Prefab/Giro +X +Z.prefab using Guid(b3a2c9f993a289a4ca36007995c3ded1) Importer(815301076,1909f56bfc062723c751e8b465ee728b)  -> (artifact id: '4f6ef3bb2f66adc4795bf559d63b9a6a') in 0.005800 seconds
Number of updated asset objects reloaded before import = 0
Number of asset objects unloaded after import = 119
========================================================================
Received Import Request.
  Time since last request: 0.000009 seconds.
  path: Assets/Pruebas random generation/Prefab/Node.prefab
  artifactKey: Guid(e9613df89c1098c42a35fd7e9c2ef50c) Importer(815301076,1909f56bfc062723c751e8b465ee728b)
Start importing Assets/Pruebas random generation/Prefab/Node.prefab using Guid(e9613df89c1098c42a35fd7e9c2ef50c) Importer(815301076,1909f56bfc062723c751e8b465ee728b)  -> (artifact id: '6720fdcc66fd430c2e9d51dbb016dab2') in 0.007352 seconds
Number of updated asset objects reloaded before import = 0
Number of asset objects unloaded after import = 127
========================================================================
Received Import Request.
  Time since last request: 3.463452 seconds.
  path: Assets/Pruebas random generation/Prefab/Giro +X +Z.prefab
  artifactKey: Guid(b3a2c9f993a289a4ca36007995c3ded1) Importer(815301076,1909f56bfc062723c751e8b465ee728b)
Start importing Assets/Pruebas random generation/Prefab/Giro +X +Z.prefab using Guid(b3a2c9f993a289a4ca36007995c3ded1) Importer(815301076,1909f56bfc062723c751e8b465ee728b)  -> (artifact id: '24555dc187f8652dec04e0fb0ae01685') in 0.005751 seconds
Number of updated asset objects reloaded before import = 0
Number of asset objects unloaded after import = 119
========================================================================
Received Import Request.
  Time since last request: 0.000017 seconds.
  path: Assets/Pruebas random generation/Prefab/Giro -X +Z.prefab
  artifactKey: Guid(33657644194e7954d96ca53d52a822c9) Importer(815301076,1909f56bfc062723c751e8b465ee728b)
Start importing Assets/Pruebas random generation/Prefab/Giro -X +Z.prefab using Guid(33657644194e7954d96ca53d52a822c9) Importer(815301076,1909f56bfc062723c751e8b465ee728b)  -> (artifact id: 'f9dbea6b5b51b7a06bf57a0e7f01e47c') in 0.005579 seconds
Number of updated asset objects reloaded before import = 0
Number of asset objects unloaded after import = 119
========================================================================
Received Import Request.
  Time since last request: 2.055002 seconds.
  path: Assets/Pruebas random generation/Prefab/Giro +X +Z.prefab
  artifactKey: Guid(b3a2c9f993a289a4ca36007995c3ded1) Importer(815301076,1909f56bfc062723c751e8b465ee728b)
Start importing Assets/Pruebas random generation/Prefab/Giro +X +Z.prefab using Guid(b3a2c9f993a289a4ca36007995c3ded1) Importer(815301076,1909f56bfc062723c751e8b465ee728b)  -> (artifact id: '1db71605fef4c7080e6859f81aba0a8b') in 0.005514 seconds
Number of updated asset objects reloaded before import = 0
Number of asset objects unloaded after import = 119
========================================================================
Received Import Request.
  Time since last request: 0.000010 seconds.
  path: Assets/Pruebas random generation/Prefab/Node.prefab
  artifactKey: Guid(e9613df89c1098c42a35fd7e9c2ef50c) Importer(815301076,1909f56bfc062723c751e8b465ee728b)
Start importing Assets/Pruebas random generation/Prefab/Node.prefab using Guid(e9613df89c1098c42a35fd7e9c2ef50c) Importer(815301076,1909f56bfc062723c751e8b465ee728b)  -> (artifact id: '43404d245f8b81643491112550e628fd') in 0.004898 seconds
Number of updated asset objects reloaded before import = 0
Number of asset objects unloaded after import = 127
========================================================================
Received Import Request.
  Time since last request: 2.068472 seconds.
  path: Assets/Pruebas random generation/Prefab/Giro +X +Z.prefab
  artifactKey: Guid(b3a2c9f993a289a4ca36007995c3ded1) Importer(815301076,1909f56bfc062723c751e8b465ee728b)
Start importing Assets/Pruebas random generation/Prefab/Giro +X +Z.prefab using Guid(b3a2c9f993a289a4ca36007995c3ded1) Importer(815301076,1909f56bfc062723c751e8b465ee728b)  -> (artifact id: '673861ac97038dac65112e51cca87251') in 0.008539 seconds
Number of updated asset objects reloaded before import = 0
Number of asset objects unloaded after import = 119
========================================================================
Received Import Request.
  Time since last request: 1.797301 seconds.
  path: Assets/Pruebas random generation/Prefab/Giro +X +Z.prefab
  artifactKey: Guid(b3a2c9f993a289a4ca36007995c3ded1) Importer(815301076,1909f56bfc062723c751e8b465ee728b)
Start importing Assets/Pruebas random generation/Prefab/Giro +X +Z.prefab using Guid(b3a2c9f993a289a4ca36007995c3ded1) Importer(815301076,1909f56bfc062723c751e8b465ee728b)  -> (artifact id: 'cb3b8723bb3a50409fc9d8927b12fb01') in 0.005257 seconds
Number of updated asset objects reloaded before import = 0
Number of asset objects unloaded after import = 119
========================================================================
Received Import Request.
  Time since last request: 0.000012 seconds.
  path: Assets/Pruebas random generation/Prefab/Giro -X -Z.prefab
  artifactKey: Guid(cf382273384c5a744a2f45331d5bccff) Importer(815301076,1909f56bfc062723c751e8b465ee728b)
Start importing Assets/Pruebas random generation/Prefab/Giro -X -Z.prefab using Guid(cf382273384c5a744a2f45331d5bccff) Importer(815301076,1909f56bfc062723c751e8b465ee728b)  -> (artifact id: '772d7d2e14e0d44c10f53120f7737db7') in 0.004931 seconds
Number of updated asset objects reloaded before import = 0
Number of asset objects unloaded after import = 119
========================================================================
Received Import Request.
  Time since last request: 30.787109 seconds.
  path: Assets/Pruebas random generation/Prefab/Giro +X +Z.prefab
  artifactKey: Guid(b3a2c9f993a289a4ca36007995c3ded1) Importer(815301076,1909f56bfc062723c751e8b465ee728b)
Start importing Assets/Pruebas random generation/Prefab/Giro +X +Z.prefab using Guid(b3a2c9f993a289a4ca36007995c3ded1) Importer(815301076,1909f56bfc062723c751e8b465ee728b)  -> (artifact id: 'ae025039032ff27619bffc2ef8c21a39') in 0.013394 seconds
Number of updated asset objects reloaded before import = 0
Number of asset objects unloaded after import = 119
========================================================================
Received Import Request.
  Time since last request: 0.000011 seconds.
  path: Assets/Pruebas random generation/Prefab/Grass.prefab
  artifactKey: Guid(2fd946ece2c2d3445ac9d18710c01f6f) Importer(815301076,1909f56bfc062723c751e8b465ee728b)
Start importing Assets/Pruebas random generation/Prefab/Grass.prefab using Guid(2fd946ece2c2d3445ac9d18710c01f6f) Importer(815301076,1909f56bfc062723c751e8b465ee728b)  -> (artifact id: '24f891308a5016e9ad34a4d66bf39e8b') in 0.016348 seconds
Number of updated asset objects reloaded before import = 0
Number of asset objects unloaded after import = 119
========================================================================
Received Import Request.
  Time since last request: 4.886138 seconds.
  path: Assets/Pruebas random generation/Prefab/Giro +X +Z.prefab
  artifactKey: Guid(b3a2c9f993a289a4ca36007995c3ded1) Importer(815301076,1909f56bfc062723c751e8b465ee728b)
Start importing Assets/Pruebas random generation/Prefab/Giro +X +Z.prefab using Guid(b3a2c9f993a289a4ca36007995c3ded1) Importer(815301076,1909f56bfc062723c751e8b465ee728b)  -> (artifact id: '9601863069b69520d6d1443daecd589a') in 0.005909 seconds
Number of updated asset objects reloaded before import = 0
Number of asset objects unloaded after import = 119
========================================================================
Received Import Request.
  Time since last request: 0.000010 seconds.
  path: Assets/Pruebas random generation/Prefab/Giro -X +Z.prefab
  artifactKey: Guid(33657644194e7954d96ca53d52a822c9) Importer(815301076,1909f56bfc062723c751e8b465ee728b)
Start importing Assets/Pruebas random generation/Prefab/Giro -X +Z.prefab using Guid(33657644194e7954d96ca53d52a822c9) Importer(815301076,1909f56bfc062723c751e8b465ee728b)  -> (artifact id: 'e78447affa67d6fc17ca59b67d05e1db') in 0.006169 seconds
Number of updated asset objects reloaded before import = 0
Number of asset objects unloaded after import = 119
========================================================================
Received Import Request.
  Time since last request: 9.866623 seconds.
  path: Assets/Pruebas random generation/Prefab/Giro +X +Z.prefab
  artifactKey: Guid(b3a2c9f993a289a4ca36007995c3ded1) Importer(815301076,1909f56bfc062723c751e8b465ee728b)
Start importing Assets/Pruebas random generation/Prefab/Giro +X +Z.prefab using Guid(b3a2c9f993a289a4ca36007995c3ded1) Importer(815301076,1909f56bfc062723c751e8b465ee728b)  -> (artifact id: '0ce11bfbb6e07e1f4a807ee99dcb2e63') in 0.018283 seconds
Number of updated asset objects reloaded before import = 0
Number of asset objects unloaded after import = 119
========================================================================
Received Import Request.
  Time since last request: 0.000008 seconds.
  path: Assets/Pruebas random generation/Prefab/Giro -X +Z.prefab
  artifactKey: Guid(33657644194e7954d96ca53d52a822c9) Importer(815301076,1909f56bfc062723c751e8b465ee728b)
Start importing Assets/Pruebas random generation/Prefab/Giro -X +Z.prefab using Guid(33657644194e7954d96ca53d52a822c9) Importer(815301076,1909f56bfc062723c751e8b465ee728b)  -> (artifact id: '28b86338bb956505d7de78d233901786') in 0.029521 seconds
Number of updated asset objects reloaded before import = 0
Number of asset objects unloaded after import = 119
========================================================================
Received Import Request.
  Time since last request: 2.912842 seconds.
  path: Assets/Pruebas random generation/Prefab/Giro +X +Z.prefab
  artifactKey: Guid(b3a2c9f993a289a4ca36007995c3ded1) Importer(815301076,1909f56bfc062723c751e8b465ee728b)
Start importing Assets/Pruebas random generation/Prefab/Giro +X +Z.prefab using Guid(b3a2c9f993a289a4ca36007995c3ded1) Importer(815301076,1909f56bfc062723c751e8b465ee728b)  -> (artifact id: '8c8f1e1f464cac610bd7c5e84527d5a9') in 0.017075 seconds
Number of updated asset objects reloaded before import = 0
Number of asset objects unloaded after import = 119
========================================================================
Received Import Request.
  Time since last request: 0.000011 seconds.
  path: Assets/Pruebas random generation/Prefab/Grass.prefab
  artifactKey: Guid(2fd946ece2c2d3445ac9d18710c01f6f) Importer(815301076,1909f56bfc062723c751e8b465ee728b)
Start importing Assets/Pruebas random generation/Prefab/Grass.prefab using Guid(2fd946ece2c2d3445ac9d18710c01f6f) Importer(815301076,1909f56bfc062723c751e8b465ee728b)  -> (artifact id: '0425104def889e283bb9c8888e42bb8d') in 0.039507 seconds
Number of updated asset objects reloaded before import = 0
Number of asset objects unloaded after import = 119
========================================================================
Received Import Request.
  Time since last request: 14.757905 seconds.
  path: Assets/Pruebas random generation/Prefab/Giro +X +Z.prefab
  artifactKey: Guid(b3a2c9f993a289a4ca36007995c3ded1) Importer(815301076,1909f56bfc062723c751e8b465ee728b)
Start importing Assets/Pruebas random generation/Prefab/Giro +X +Z.prefab using Guid(b3a2c9f993a289a4ca36007995c3ded1) Importer(815301076,1909f56bfc062723c751e8b465ee728b)  -> (artifact id: 'cd4eae42b7c990b68602575e9d4d64de') in 0.020255 seconds
Number of updated asset objects reloaded before import = 0
Number of asset objects unloaded after import = 119
========================================================================
Received Import Request.
  Time since last request: 13.375938 seconds.
  path: Assets/Pruebas random generation/Prefab/Giro +X +Z.prefab
  artifactKey: Guid(b3a2c9f993a289a4ca36007995c3ded1) Importer(815301076,1909f56bfc062723c751e8b465ee728b)
Start importing Assets/Pruebas random generation/Prefab/Giro +X +Z.prefab using Guid(b3a2c9f993a289a4ca36007995c3ded1) Importer(815301076,1909f56bfc062723c751e8b465ee728b)  -> (artifact id: 'e0d0d152da2b4b840189e2987b7c94ae') in 0.008041 seconds
Number of updated asset objects reloaded before import = 0
Number of asset objects unloaded after import = 119
========================================================================
Received Import Request.
  Time since last request: 0.000009 seconds.
  path: Assets/Pruebas random generation/Prefab/Node.prefab
  artifactKey: Guid(e9613df89c1098c42a35fd7e9c2ef50c) Importer(815301076,1909f56bfc062723c751e8b465ee728b)
Start importing Assets/Pruebas random generation/Prefab/Node.prefab using Guid(e9613df89c1098c42a35fd7e9c2ef50c) Importer(815301076,1909f56bfc062723c751e8b465ee728b)  -> (artifact id: '602225c827fec283112e344040bcd582') in 0.009778 seconds
Number of updated asset objects reloaded before import = 0
Number of asset objects unloaded after import = 127
========================================================================
Received Import Request.
  Time since last request: 16.114626 seconds.
  path: Assets/Pruebas random generation/Prefab/Giro +X +Z.prefab
  artifactKey: Guid(b3a2c9f993a289a4ca36007995c3ded1) Importer(815301076,1909f56bfc062723c751e8b465ee728b)
Start importing Assets/Pruebas random generation/Prefab/Giro +X +Z.prefab using Guid(b3a2c9f993a289a4ca36007995c3ded1) Importer(815301076,1909f56bfc062723c751e8b465ee728b)  -> (artifact id: '66266259dcf18579b1f36885a3319cbe') in 0.007945 seconds
Number of updated asset objects reloaded before import = 0
Number of asset objects unloaded after import = 119
========================================================================
Received Import Request.
  Time since last request: 0.000013 seconds.
  path: Assets/Pruebas random generation/Prefab/Grass.prefab
  artifactKey: Guid(2fd946ece2c2d3445ac9d18710c01f6f) Importer(815301076,1909f56bfc062723c751e8b465ee728b)
Start importing Assets/Pruebas random generation/Prefab/Grass.prefab using Guid(2fd946ece2c2d3445ac9d18710c01f6f) Importer(815301076,1909f56bfc062723c751e8b465ee728b)  -> (artifact id: 'f266f32e76ed7f31d27b5f9d23dd10c4') in 0.011406 seconds
Number of updated asset objects reloaded before import = 0
Number of asset objects unloaded after import = 119
========================================================================
Received Import Request.
  Time since last request: 3.035435 seconds.
  path: Assets/Pruebas random generation/Prefab/Giro +X +Z.prefab
  artifactKey: Guid(b3a2c9f993a289a4ca36007995c3ded1) Importer(815301076,1909f56bfc062723c751e8b465ee728b)
Start importing Assets/Pruebas random generation/Prefab/Giro +X +Z.prefab using Guid(b3a2c9f993a289a4ca36007995c3ded1) Importer(815301076,1909f56bfc062723c751e8b465ee728b)  -> (artifact id: '01c24a45ed2e4181b9540dd9536a4382') in 0.014186 seconds
Number of updated asset objects reloaded before import = 0
Number of asset objects unloaded after import = 119
========================================================================
Received Import Request.
  Time since last request: 0.000011 seconds.
  path: Assets/Pruebas random generation/Prefab/Grass.prefab
  artifactKey: Guid(2fd946ece2c2d3445ac9d18710c01f6f) Importer(815301076,1909f56bfc062723c751e8b465ee728b)
Start importing Assets/Pruebas random generation/Prefab/Grass.prefab using Guid(2fd946ece2c2d3445ac9d18710c01f6f) Importer(815301076,1909f56bfc062723c751e8b465ee728b)  -> (artifact id: '544cedc244cf3685b0791fa1272af139') in 0.046100 seconds
Number of updated asset objects reloaded before import = 0
Number of asset objects unloaded after import = 119
========================================================================
Received Prepare
Begin MonoManager ReloadAssembly
Symbol file LoadedFromMemory doesn't match image D:\Programacion\Portfolio\Portfolio\Portfolio\Library\PackageCache\com.unity.visualscripting@1.8.0\Editor\VisualScripting.Core\Dependencies\YamlDotNet\Unity.VisualScripting.YamlDotNet.dll
Symbol file LoadedFromMemory doesn't match image D:\Programacion\Portfolio\Portfolio\Portfolio\Library\PackageCache\com.unity.visualscripting@1.8.0\Editor\VisualScripting.Core\Dependencies\DotNetZip\Unity.VisualScripting.IonicZip.dll
- Loaded All Assemblies, in  0.400 seconds
Refreshing native plugins compatible for Editor in 1.09 ms, found 3 plugins.
Native extension for WindowsStandalone target not found
Native extension for WebGL target not found
Mono: successfully reloaded assembly
- Finished resetting the current domain, in  0.420 seconds
Domain Reload Profiling: 819ms
	BeginReloadAssembly (92ms)
		ExecutionOrderSort (0ms)
		DisableScriptedObjects (2ms)
		BackupInstance (0ms)
		ReleaseScriptingObjects (0ms)
		CreateAndSetChildDomain (28ms)
	RebuildCommonClasses (18ms)
	RebuildNativeTypeToScriptingClass (6ms)
	initialDomainReloadingComplete (15ms)
	LoadAllAssembliesAndSetupDomain (267ms)
		LoadAssemblies (145ms)
		RebuildTransferFunctionScriptingTraits (0ms)
		AnalyzeDomain (157ms)
			TypeCache.Refresh (154ms)
				TypeCache.ScanAssembly (146ms)
			ScanForSourceGeneratedMonoScriptInfo (0ms)
			ResolveRequiredComponents (3ms)
	FinalizeReload (420ms)
		ReleaseScriptCaches (0ms)
		RebuildScriptCaches (0ms)
		SetupLoadedEditorAssemblies (212ms)
			LogAssemblyErrors (0ms)
			InitializePlatformSupportModulesInManaged (4ms)
			SetLoadedEditorAssemblies (2ms)
			RefreshPlugins (0ms)
			BeforeProcessingInitializeOnLoad (39ms)
			ProcessInitializeOnLoadAttributes (150ms)
			ProcessInitializeOnLoadMethodAttributes (12ms)
			AfterProcessingInitializeOnLoad (5ms)
			EditorAssembliesLoaded (0ms)
		ExecutionOrderSort2 (0ms)
		AwakeInstancesAfterBackupRestoration (6ms)
Refreshing native plugins compatible for Editor in 1.16 ms, found 3 plugins.
Preloading 0 native plugins for Editor in 0.00 ms.
Unloading 3506 Unused Serialized files (Serialized files now loaded: 0)
Unloading 24 unused Assets / (71.1 KB). Loaded Objects now: 4025.
Memory consumption went from 132.7 MB to 132.6 MB.
Total: 3.549300 ms (FindLiveObjects: 0.327100 ms CreateObjectMapping: 0.277800 ms MarkObjects: 2.849100 ms  DeleteObjects: 0.094500 ms)

Prepare: number of updated asset objects reloaded= 0
AssetImportParameters requested are different than current active one (requested -> active):
  custom:container-demuxer-ogg: 62fdf1f143b41e24485cea50d1cbac27 -> 
  custom:video-decoder-ogg-theora: a1e56fd34408186e4bbccfd4996cb3dc -> 
  custom:framework-win-MediaFoundation: 216162199b28c13a410421893ffa2e32 -> 
  custom:CustomObjectIndexerAttribute: 756ad292c208cfabdd7b50bc23989ffe -> 
  custom:container-demuxer-webm: 4f35f7cbe854078d1ac9338744f61a02 -> 
  custom:container-muxer-webm: aa71ff27fc2769a1b78a27578f13a17b -> 
  custom:video-decoder-webm-vp8: 9c59270c3fd7afecdb556c50c9e8de78 -> 
  custom:AudioImporter_EditorPlatform: d09bf68614088b80899f8185d706f6e7 -> 
  custom:video-encoder-webm-vp8: eb34c28f22e8b96e1ab97ce403110664 -> 
  custom:audio-decoder-ogg-vorbis: bf7c407c2cedff20999df2af8eb42d56 -> 
  custom:audio-encoder-webm-vorbis: bf7c407c2cedff20999df2af8eb42d56 -> 
========================================================================
Received Prepare
Begin MonoManager ReloadAssembly
Symbol file LoadedFromMemory doesn't match image D:\Programacion\Portfolio\Portfolio\Portfolio\Library\PackageCache\com.unity.visualscripting@1.8.0\Editor\VisualScripting.Core\Dependencies\YamlDotNet\Unity.VisualScripting.YamlDotNet.dll
Symbol file LoadedFromMemory doesn't match image D:\Programacion\Portfolio\Portfolio\Portfolio\Library\PackageCache\com.unity.visualscripting@1.8.0\Editor\VisualScripting.Core\Dependencies\DotNetZip\Unity.VisualScripting.IonicZip.dll
- Loaded All Assemblies, in  0.400 seconds
Refreshing native plugins compatible for Editor in 1.02 ms, found 3 plugins.
Native extension for WindowsStandalone target not found
Native extension for WebGL target not found
Mono: successfully reloaded assembly
- Finished resetting the current domain, in  0.435 seconds
Domain Reload Profiling: 834ms
	BeginReloadAssembly (90ms)
		ExecutionOrderSort (0ms)
		DisableScriptedObjects (3ms)
		BackupInstance (0ms)
		ReleaseScriptingObjects (0ms)
		CreateAndSetChildDomain (28ms)
	RebuildCommonClasses (18ms)
	RebuildNativeTypeToScriptingClass (7ms)
	initialDomainReloadingComplete (16ms)
	LoadAllAssembliesAndSetupDomain (268ms)
		LoadAssemblies (140ms)
		RebuildTransferFunctionScriptingTraits (0ms)
		AnalyzeDomain (161ms)
			TypeCache.Refresh (159ms)
				TypeCache.ScanAssembly (149ms)
			ScanForSourceGeneratedMonoScriptInfo (0ms)
			ResolveRequiredComponents (3ms)
	FinalizeReload (435ms)
		ReleaseScriptCaches (0ms)
		RebuildScriptCaches (0ms)
		SetupLoadedEditorAssemblies (216ms)
			LogAssemblyErrors (0ms)
			InitializePlatformSupportModulesInManaged (6ms)
			SetLoadedEditorAssemblies (2ms)
			RefreshPlugins (0ms)
			BeforeProcessingInitializeOnLoad (41ms)
			ProcessInitializeOnLoadAttributes (149ms)
			ProcessInitializeOnLoadMethodAttributes (13ms)
			AfterProcessingInitializeOnLoad (4ms)
			EditorAssembliesLoaded (0ms)
		ExecutionOrderSort2 (0ms)
		AwakeInstancesAfterBackupRestoration (5ms)
Refreshing native plugins compatible for Editor in 1.43 ms, found 3 plugins.
Preloading 0 native plugins for Editor in 0.00 ms.
Unloading 3507 Unused Serialized files (Serialized files now loaded: 0)
Unloading 24 unused Assets / (79.3 KB). Loaded Objects now: 4028.
Memory consumption went from 133.0 MB to 132.9 MB.
Total: 5.120500 ms (FindLiveObjects: 0.513500 ms CreateObjectMapping: 0.363000 ms MarkObjects: 4.040300 ms  DeleteObjects: 0.202300 ms)

Prepare: number of updated asset objects reloaded= 0
AssetImportParameters requested are different than current active one (requested -> active):
  custom:container-demuxer-ogg: 62fdf1f143b41e24485cea50d1cbac27 -> 
  custom:video-decoder-ogg-theora: a1e56fd34408186e4bbccfd4996cb3dc -> 
  custom:framework-win-MediaFoundation: 216162199b28c13a410421893ffa2e32 -> 
  custom:CustomObjectIndexerAttribute: 756ad292c208cfabdd7b50bc23989ffe -> 
  custom:container-demuxer-webm: 4f35f7cbe854078d1ac9338744f61a02 -> 
  custom:container-muxer-webm: aa71ff27fc2769a1b78a27578f13a17b -> 
  custom:video-decoder-webm-vp8: 9c59270c3fd7afecdb556c50c9e8de78 -> 
  custom:AudioImporter_EditorPlatform: d09bf68614088b80899f8185d706f6e7 -> 
  custom:video-encoder-webm-vp8: eb34c28f22e8b96e1ab97ce403110664 -> 
  custom:audio-decoder-ogg-vorbis: bf7c407c2cedff20999df2af8eb42d56 -> 
  custom:audio-encoder-webm-vorbis: bf7c407c2cedff20999df2af8eb42d56 -> 
========================================================================
Received Prepare
Begin MonoManager ReloadAssembly
Symbol file LoadedFromMemory doesn't match image D:\Programacion\Portfolio\Portfolio\Portfolio\Library\PackageCache\com.unity.visualscripting@1.8.0\Editor\VisualScripting.Core\Dependencies\YamlDotNet\Unity.VisualScripting.YamlDotNet.dll
Symbol file LoadedFromMemory doesn't match image D:\Programacion\Portfolio\Portfolio\Portfolio\Library\PackageCache\com.unity.visualscripting@1.8.0\Editor\VisualScripting.Core\Dependencies\DotNetZip\Unity.VisualScripting.IonicZip.dll
- Loaded All Assemblies, in  0.429 seconds
Refreshing native plugins compatible for Editor in 0.90 ms, found 3 plugins.
Native extension for WindowsStandalone target not found
Native extension for WebGL target not found
Mono: successfully reloaded assembly
- Finished resetting the current domain, in  0.445 seconds
Domain Reload Profiling: 873ms
	BeginReloadAssembly (106ms)
		ExecutionOrderSort (0ms)
		DisableScriptedObjects (3ms)
		BackupInstance (0ms)
		ReleaseScriptingObjects (0ms)
		CreateAndSetChildDomain (36ms)
	RebuildCommonClasses (19ms)
	RebuildNativeTypeToScriptingClass (8ms)
	initialDomainReloadingComplete (21ms)
	LoadAllAssembliesAndSetupDomain (274ms)
		LoadAssemblies (160ms)
		RebuildTransferFunctionScriptingTraits (0ms)
		AnalyzeDomain (154ms)
			TypeCache.Refresh (151ms)
				TypeCache.ScanAssembly (143ms)
			ScanForSourceGeneratedMonoScriptInfo (0ms)
			ResolveRequiredComponents (3ms)
	FinalizeReload (446ms)
		ReleaseScriptCaches (0ms)
		RebuildScriptCaches (0ms)
		SetupLoadedEditorAssemblies (220ms)
			LogAssemblyErrors (0ms)
			InitializePlatformSupportModulesInManaged (6ms)
			SetLoadedEditorAssemblies (2ms)
			RefreshPlugins (0ms)
			BeforeProcessingInitializeOnLoad (41ms)
			ProcessInitializeOnLoadAttributes (153ms)
			ProcessInitializeOnLoadMethodAttributes (11ms)
			AfterProcessingInitializeOnLoad (6ms)
			EditorAssembliesLoaded (0ms)
		ExecutionOrderSort2 (0ms)
		AwakeInstancesAfterBackupRestoration (6ms)
Refreshing native plugins compatible for Editor in 1.38 ms, found 3 plugins.
Preloading 0 native plugins for Editor in 0.00 ms.
Unloading 3507 Unused Serialized files (Serialized files now loaded: 0)
Unloading 24 unused Assets / (95.4 KB). Loaded Objects now: 4031.
Memory consumption went from 133.0 MB to 132.9 MB.
Total: 2.653100 ms (FindLiveObjects: 0.231800 ms CreateObjectMapping: 0.111800 ms MarkObjects: 2.213000 ms  DeleteObjects: 0.096000 ms)

Prepare: number of updated asset objects reloaded= 0
AssetImportParameters requested are different than current active one (requested -> active):
  custom:container-demuxer-ogg: 62fdf1f143b41e24485cea50d1cbac27 -> 
  custom:video-decoder-ogg-theora: a1e56fd34408186e4bbccfd4996cb3dc -> 
  custom:framework-win-MediaFoundation: 216162199b28c13a410421893ffa2e32 -> 
  custom:CustomObjectIndexerAttribute: 756ad292c208cfabdd7b50bc23989ffe -> 
  custom:container-demuxer-webm: 4f35f7cbe854078d1ac9338744f61a02 -> 
  custom:container-muxer-webm: aa71ff27fc2769a1b78a27578f13a17b -> 
  custom:video-decoder-webm-vp8: 9c59270c3fd7afecdb556c50c9e8de78 -> 
  custom:AudioImporter_EditorPlatform: d09bf68614088b80899f8185d706f6e7 -> 
  custom:video-encoder-webm-vp8: eb34c28f22e8b96e1ab97ce403110664 -> 
  custom:audio-decoder-ogg-vorbis: bf7c407c2cedff20999df2af8eb42d56 -> 
  custom:audio-encoder-webm-vorbis: bf7c407c2cedff20999df2af8eb42d56 -> 
========================================================================
Received Prepare
Begin MonoManager ReloadAssembly
Symbol file LoadedFromMemory doesn't match image D:\Programacion\Portfolio\Portfolio\Portfolio\Library\PackageCache\com.unity.visualscripting@1.8.0\Editor\VisualScripting.Core\Dependencies\YamlDotNet\Unity.VisualScripting.YamlDotNet.dll
Symbol file LoadedFromMemory doesn't match image D:\Programacion\Portfolio\Portfolio\Portfolio\Library\PackageCache\com.unity.visualscripting@1.8.0\Editor\VisualScripting.Core\Dependencies\DotNetZip\Unity.VisualScripting.IonicZip.dll
- Loaded All Assemblies, in  0.433 seconds
Refreshing native plugins compatible for Editor in 0.91 ms, found 3 plugins.
Native extension for WindowsStandalone target not found
Native extension for WebGL target not found
Mono: successfully reloaded assembly
- Finished resetting the current domain, in  0.453 seconds
Domain Reload Profiling: 884ms
	BeginReloadAssembly (107ms)
		ExecutionOrderSort (0ms)
		DisableScriptedObjects (3ms)
		BackupInstance (0ms)
		ReleaseScriptingObjects (0ms)
		CreateAndSetChildDomain (34ms)
	RebuildCommonClasses (19ms)
	RebuildNativeTypeToScriptingClass (7ms)
	initialDomainReloadingComplete (20ms)
	LoadAllAssembliesAndSetupDomain (278ms)
		LoadAssemblies (167ms)
		RebuildTransferFunctionScriptingTraits (0ms)
		AnalyzeDomain (152ms)
			TypeCache.Refresh (149ms)
				TypeCache.ScanAssembly (141ms)
			ScanForSourceGeneratedMonoScriptInfo (0ms)
			ResolveRequiredComponents (3ms)
	FinalizeReload (453ms)
		ReleaseScriptCaches (0ms)
		RebuildScriptCaches (0ms)
		SetupLoadedEditorAssemblies (229ms)
			LogAssemblyErrors (0ms)
			InitializePlatformSupportModulesInManaged (6ms)
			SetLoadedEditorAssemblies (3ms)
			RefreshPlugins (0ms)
			BeforeProcessingInitializeOnLoad (43ms)
			ProcessInitializeOnLoadAttributes (158ms)
			ProcessInitializeOnLoadMethodAttributes (13ms)
			AfterProcessingInitializeOnLoad (5ms)
			EditorAssembliesLoaded (0ms)
		ExecutionOrderSort2 (0ms)
		AwakeInstancesAfterBackupRestoration (6ms)
Refreshing native plugins compatible for Editor in 1.27 ms, found 3 plugins.
Preloading 0 native plugins for Editor in 0.00 ms.
Unloading 3507 Unused Serialized files (Serialized files now loaded: 0)
Unloading 24 unused Assets / (79.3 KB). Loaded Objects now: 4034.
Memory consumption went from 133.0 MB to 132.9 MB.
Total: 2.573400 ms (FindLiveObjects: 0.273400 ms CreateObjectMapping: 0.052200 ms MarkObjects: 2.147500 ms  DeleteObjects: 0.099600 ms)

Prepare: number of updated asset objects reloaded= 0
AssetImportParameters requested are different than current active one (requested -> active):
  custom:container-demuxer-ogg: 62fdf1f143b41e24485cea50d1cbac27 -> 
  custom:video-decoder-ogg-theora: a1e56fd34408186e4bbccfd4996cb3dc -> 
  custom:framework-win-MediaFoundation: 216162199b28c13a410421893ffa2e32 -> 
  custom:CustomObjectIndexerAttribute: 756ad292c208cfabdd7b50bc23989ffe -> 
  custom:container-demuxer-webm: 4f35f7cbe854078d1ac9338744f61a02 -> 
  custom:container-muxer-webm: aa71ff27fc2769a1b78a27578f13a17b -> 
  custom:video-decoder-webm-vp8: 9c59270c3fd7afecdb556c50c9e8de78 -> 
  custom:AudioImporter_EditorPlatform: d09bf68614088b80899f8185d706f6e7 -> 
  custom:video-encoder-webm-vp8: eb34c28f22e8b96e1ab97ce403110664 -> 
  custom:audio-decoder-ogg-vorbis: bf7c407c2cedff20999df2af8eb42d56 -> 
  custom:audio-encoder-webm-vorbis: bf7c407c2cedff20999df2af8eb42d56 -> 
========================================================================
Received Import Request.
  Time since last request: 253.650548 seconds.
  path: Assets/Pruebas random generation/Prefab/Carretera X.prefab
  artifactKey: Guid(4a7fdc92b4d4a2f448b6cb2c1821322e) Importer(815301076,1909f56bfc062723c751e8b465ee728b)
Start importing Assets/Pruebas random generation/Prefab/Carretera X.prefab using Guid(4a7fdc92b4d4a2f448b6cb2c1821322e) Importer(815301076,1909f56bfc062723c751e8b465ee728b)  -> (artifact id: 'f42d5454d7470419dd4d7277abdfb11b') in 0.059298 seconds
Number of updated asset objects reloaded before import = 0
Number of asset objects unloaded after import = 119
========================================================================
Received Import Request.
  Time since last request: 0.000011 seconds.
  path: Assets/Pruebas random generation/Prefab/Giro +X -Z.prefab
  artifactKey: Guid(8d7989c8c5b034741a5064fc26a65bb8) Importer(815301076,1909f56bfc062723c751e8b465ee728b)
Start importing Assets/Pruebas random generation/Prefab/Giro +X -Z.prefab using Guid(8d7989c8c5b034741a5064fc26a65bb8) Importer(815301076,1909f56bfc062723c751e8b465ee728b)  -> (artifact id: '979c418192697b99d86fb3f2e7dc9ac3') in 0.007252 seconds
Number of updated asset objects reloaded before import = 0
Number of asset objects unloaded after import = 119
========================================================================
Received Import Request.
  Time since last request: 0.000013 seconds.
  path: Assets/Pruebas random generation/Prefab/Node.prefab
  artifactKey: Guid(e9613df89c1098c42a35fd7e9c2ef50c) Importer(815301076,1909f56bfc062723c751e8b465ee728b)
Start importing Assets/Pruebas random generation/Prefab/Node.prefab using Guid(e9613df89c1098c42a35fd7e9c2ef50c) Importer(815301076,1909f56bfc062723c751e8b465ee728b)  -> (artifact id: '8925f6dd757fa593aee1ac6aefc69681') in 0.006141 seconds
Number of updated asset objects reloaded before import = 0
Number of asset objects unloaded after import = 127
========================================================================
Received Import Request.
  Time since last request: 0.000010 seconds.
  path: Assets/Pruebas random generation/Prefab/Giro -X -Z.prefab
  artifactKey: Guid(cf382273384c5a744a2f45331d5bccff) Importer(815301076,1909f56bfc062723c751e8b465ee728b)
Start importing Assets/Pruebas random generation/Prefab/Giro -X -Z.prefab using Guid(cf382273384c5a744a2f45331d5bccff) Importer(815301076,1909f56bfc062723c751e8b465ee728b)  -> (artifact id: '013c25eab09d27b7669ac4d2c311f327') in 0.004846 seconds
Number of updated asset objects reloaded before import = 0
Number of asset objects unloaded after import = 119
========================================================================
Received Import Request.
  Time since last request: 0.000009 seconds.
  path: Assets/Pruebas random generation/Prefab/Giro +X +Z.prefab
  artifactKey: Guid(b3a2c9f993a289a4ca36007995c3ded1) Importer(815301076,1909f56bfc062723c751e8b465ee728b)
Start importing Assets/Pruebas random generation/Prefab/Giro +X +Z.prefab using Guid(b3a2c9f993a289a4ca36007995c3ded1) Importer(815301076,1909f56bfc062723c751e8b465ee728b)  -> (artifact id: '60014def24d4688af048f0733ae96088') in 0.008361 seconds
Number of updated asset objects reloaded before import = 0
Number of asset objects unloaded after import = 119
========================================================================
Received Import Request.
  Time since last request: 2.704765 seconds.
  path: Assets/Pruebas random generation/Prefab/Giro +X -Z.prefab
  artifactKey: Guid(8d7989c8c5b034741a5064fc26a65bb8) Importer(815301076,1909f56bfc062723c751e8b465ee728b)
Start importing Assets/Pruebas random generation/Prefab/Giro +X -Z.prefab using Guid(8d7989c8c5b034741a5064fc26a65bb8) Importer(815301076,1909f56bfc062723c751e8b465ee728b)  -> (artifact id: 'cfd4332c37d9e177bb47499ad2a5ff85') in 0.005429 seconds
Number of updated asset objects reloaded before import = 0
Number of asset objects unloaded after import = 119
========================================================================
Received Import Request.
  Time since last request: 0.000010 seconds.
  path: Assets/Pruebas random generation/Prefab/Giro -X -Z.prefab
  artifactKey: Guid(cf382273384c5a744a2f45331d5bccff) Importer(815301076,1909f56bfc062723c751e8b465ee728b)
Start importing Assets/Pruebas random generation/Prefab/Giro -X -Z.prefab using Guid(cf382273384c5a744a2f45331d5bccff) Importer(815301076,1909f56bfc062723c751e8b465ee728b)  -> (artifact id: 'a868cc776edc3db4052ce5ac99f594ed') in 0.131696 seconds
Number of updated asset objects reloaded before import = 0
Number of asset objects unloaded after import = 119
========================================================================
Received Import Request.
  Time since last request: 0.259424 seconds.
  path: Assets/Pruebas random generation/Prefab/Giro +X -Z.prefab
  artifactKey: Guid(8d7989c8c5b034741a5064fc26a65bb8) Importer(815301076,1909f56bfc062723c751e8b465ee728b)
Start importing Assets/Pruebas random generation/Prefab/Giro +X -Z.prefab using Guid(8d7989c8c5b034741a5064fc26a65bb8) Importer(815301076,1909f56bfc062723c751e8b465ee728b)  -> (artifact id: '4a7ba83a6b086644a7788de806987a0e') in 0.005285 seconds
Number of updated asset objects reloaded before import = 0
Number of asset objects unloaded after import = 119
========================================================================
Received Import Request.
  Time since last request: 0.000010 seconds.
  path: Assets/Pruebas random generation/Prefab/Giro -X -Z.prefab
  artifactKey: Guid(cf382273384c5a744a2f45331d5bccff) Importer(815301076,1909f56bfc062723c751e8b465ee728b)
Start importing Assets/Pruebas random generation/Prefab/Giro -X -Z.prefab using Guid(cf382273384c5a744a2f45331d5bccff) Importer(815301076,1909f56bfc062723c751e8b465ee728b)  -> (artifact id: 'c70dd6bb7c0ff9a0d609de3bc4bb4c1e') in 0.005429 seconds
Number of updated asset objects reloaded before import = 0
Number of asset objects unloaded after import = 119
========================================================================
Received Import Request.
  Time since last request: 0.266624 seconds.
  path: Assets/Pruebas random generation/Prefab/Giro +X -Z.prefab
  artifactKey: Guid(8d7989c8c5b034741a5064fc26a65bb8) Importer(815301076,1909f56bfc062723c751e8b465ee728b)
Start importing Assets/Pruebas random generation/Prefab/Giro +X -Z.prefab using Guid(8d7989c8c5b034741a5064fc26a65bb8) Importer(815301076,1909f56bfc062723c751e8b465ee728b)  -> (artifact id: 'a199439af015dbfc012f44f3ff3e5252') in 0.006846 seconds
Number of updated asset objects reloaded before import = 0
Number of asset objects unloaded after import = 119
========================================================================
Received Import Request.
  Time since last request: 0.000010 seconds.
  path: Assets/Pruebas random generation/Prefab/Giro -X +Z.prefab
  artifactKey: Guid(33657644194e7954d96ca53d52a822c9) Importer(815301076,1909f56bfc062723c751e8b465ee728b)
Start importing Assets/Pruebas random generation/Prefab/Giro -X +Z.prefab using Guid(33657644194e7954d96ca53d52a822c9) Importer(815301076,1909f56bfc062723c751e8b465ee728b)  -> (artifact id: '8a525d2ca3c02ccc7a971dd387b6704b') in 0.005457 seconds
Number of updated asset objects reloaded before import = 0
Number of asset objects unloaded after import = 119
========================================================================
Received Import Request.
  Time since last request: 0.285372 seconds.
  path: Assets/Pruebas random generation/Prefab/Giro +X -Z.prefab
  artifactKey: Guid(8d7989c8c5b034741a5064fc26a65bb8) Importer(815301076,1909f56bfc062723c751e8b465ee728b)
Start importing Assets/Pruebas random generation/Prefab/Giro +X -Z.prefab using Guid(8d7989c8c5b034741a5064fc26a65bb8) Importer(815301076,1909f56bfc062723c751e8b465ee728b)  -> (artifact id: 'e65e8d510244e14674a2d768fe760c12') in 0.009190 seconds
Number of updated asset objects reloaded before import = 0
Number of asset objects unloaded after import = 119
========================================================================
Received Import Request.
  Time since last request: 2.893948 seconds.
  path: Assets/Pruebas random generation/Prefab/Giro +X -Z.prefab
  artifactKey: Guid(8d7989c8c5b034741a5064fc26a65bb8) Importer(815301076,1909f56bfc062723c751e8b465ee728b)
Start importing Assets/Pruebas random generation/Prefab/Giro +X -Z.prefab using Guid(8d7989c8c5b034741a5064fc26a65bb8) Importer(815301076,1909f56bfc062723c751e8b465ee728b)  -> (artifact id: 'b26d220f1e06dd486aa98e3892193ec5') in 0.013793 seconds
Number of updated asset objects reloaded before import = 0
Number of asset objects unloaded after import = 119
========================================================================
Received Import Request.
  Time since last request: 0.166493 seconds.
  path: Assets/Pruebas random generation/Prefab/Giro +X -Z.prefab
  artifactKey: Guid(8d7989c8c5b034741a5064fc26a65bb8) Importer(815301076,1909f56bfc062723c751e8b465ee728b)
Start importing Assets/Pruebas random generation/Prefab/Giro +X -Z.prefab using Guid(8d7989c8c5b034741a5064fc26a65bb8) Importer(815301076,1909f56bfc062723c751e8b465ee728b)  -> (artifact id: 'd1eebea00157d6b31c8620d61cbdc0d4') in 0.005425 seconds
Number of updated asset objects reloaded before import = 0
Number of asset objects unloaded after import = 119
========================================================================
Received Import Request.
  Time since last request: 0.161369 seconds.
  path: Assets/Pruebas random generation/Prefab/Giro +X -Z.prefab
  artifactKey: Guid(8d7989c8c5b034741a5064fc26a65bb8) Importer(815301076,1909f56bfc062723c751e8b465ee728b)
Start importing Assets/Pruebas random generation/Prefab/Giro +X -Z.prefab using Guid(8d7989c8c5b034741a5064fc26a65bb8) Importer(815301076,1909f56bfc062723c751e8b465ee728b)  -> (artifact id: '9487f2adcfc8091faa80a3cd8bb200db') in 0.005429 seconds
Number of updated asset objects reloaded before import = 0
Number of asset objects unloaded after import = 119
========================================================================
Received Import Request.
  Time since last request: 0.129989 seconds.
  path: Assets/Pruebas random generation/Prefab/Giro +X -Z.prefab
  artifactKey: Guid(8d7989c8c5b034741a5064fc26a65bb8) Importer(815301076,1909f56bfc062723c751e8b465ee728b)
Start importing Assets/Pruebas random generation/Prefab/Giro +X -Z.prefab using Guid(8d7989c8c5b034741a5064fc26a65bb8) Importer(815301076,1909f56bfc062723c751e8b465ee728b)  -> (artifact id: '4913d05cd5906431380a9f398da6cd3b') in 0.005817 seconds
Number of updated asset objects reloaded before import = 0
Number of asset objects unloaded after import = 119
========================================================================
Received Import Request.
  Time since last request: 0.167942 seconds.
  path: Assets/Pruebas random generation/Prefab/Giro +X -Z.prefab
  artifactKey: Guid(8d7989c8c5b034741a5064fc26a65bb8) Importer(815301076,1909f56bfc062723c751e8b465ee728b)
Start importing Assets/Pruebas random generation/Prefab/Giro +X -Z.prefab using Guid(8d7989c8c5b034741a5064fc26a65bb8) Importer(815301076,1909f56bfc062723c751e8b465ee728b)  -> (artifact id: '773d3ae5c2a6e1798c0a869dc3a0743c') in 0.005546 seconds
Number of updated asset objects reloaded before import = 0
Number of asset objects unloaded after import = 119
========================================================================
Received Prepare
Begin MonoManager ReloadAssembly
Symbol file LoadedFromMemory doesn't match image D:\Programacion\Portfolio\Portfolio\Portfolio\Library\PackageCache\com.unity.visualscripting@1.8.0\Editor\VisualScripting.Core\Dependencies\YamlDotNet\Unity.VisualScripting.YamlDotNet.dll
Symbol file LoadedFromMemory doesn't match image D:\Programacion\Portfolio\Portfolio\Portfolio\Library\PackageCache\com.unity.visualscripting@1.8.0\Editor\VisualScripting.Core\Dependencies\DotNetZip\Unity.VisualScripting.IonicZip.dll
- Loaded All Assemblies, in  0.433 seconds
Refreshing native plugins compatible for Editor in 1.16 ms, found 3 plugins.
Native extension for WindowsStandalone target not found
Native extension for WebGL target not found
Mono: successfully reloaded assembly
- Finished resetting the current domain, in  0.414 seconds
Domain Reload Profiling: 846ms
	BeginReloadAssembly (98ms)
		ExecutionOrderSort (0ms)
		DisableScriptedObjects (3ms)
		BackupInstance (0ms)
		ReleaseScriptingObjects (0ms)
		CreateAndSetChildDomain (32ms)
	RebuildCommonClasses (20ms)
	RebuildNativeTypeToScriptingClass (8ms)
	initialDomainReloadingComplete (21ms)
	LoadAllAssembliesAndSetupDomain (283ms)
		LoadAssemblies (162ms)
		RebuildTransferFunctionScriptingTraits (0ms)
		AnalyzeDomain (158ms)
			TypeCache.Refresh (155ms)
				TypeCache.ScanAssembly (146ms)
			ScanForSourceGeneratedMonoScriptInfo (0ms)
			ResolveRequiredComponents (3ms)
	FinalizeReload (415ms)
		ReleaseScriptCaches (0ms)
		RebuildScriptCaches (0ms)
		SetupLoadedEditorAssemblies (205ms)
			LogAssemblyErrors (0ms)
			InitializePlatformSupportModulesInManaged (5ms)
			SetLoadedEditorAssemblies (2ms)
			RefreshPlugins (0ms)
			BeforeProcessingInitializeOnLoad (40ms)
			ProcessInitializeOnLoadAttributes (141ms)
			ProcessInitializeOnLoadMethodAttributes (13ms)
			AfterProcessingInitializeOnLoad (4ms)
			EditorAssembliesLoaded (0ms)
		ExecutionOrderSort2 (0ms)
		AwakeInstancesAfterBackupRestoration (6ms)
Refreshing native plugins compatible for Editor in 0.96 ms, found 3 plugins.
Preloading 0 native plugins for Editor in 0.00 ms.
Unloading 3506 Unused Serialized files (Serialized files now loaded: 0)
Unloading 24 unused Assets / (79.3 KB). Loaded Objects now: 4037.
Memory consumption went from 132.7 MB to 132.6 MB.
Total: 2.172900 ms (FindLiveObjects: 0.235800 ms CreateObjectMapping: 0.058800 ms MarkObjects: 1.793700 ms  DeleteObjects: 0.084000 ms)

Prepare: number of updated asset objects reloaded= 0
AssetImportParameters requested are different than current active one (requested -> active):
  custom:container-demuxer-ogg: 62fdf1f143b41e24485cea50d1cbac27 -> 
  custom:video-decoder-ogg-theora: a1e56fd34408186e4bbccfd4996cb3dc -> 
  custom:framework-win-MediaFoundation: 216162199b28c13a410421893ffa2e32 -> 
  custom:CustomObjectIndexerAttribute: 756ad292c208cfabdd7b50bc23989ffe -> 
  custom:container-demuxer-webm: 4f35f7cbe854078d1ac9338744f61a02 -> 
  custom:container-muxer-webm: aa71ff27fc2769a1b78a27578f13a17b -> 
  custom:video-decoder-webm-vp8: 9c59270c3fd7afecdb556c50c9e8de78 -> 
  custom:AudioImporter_EditorPlatform: d09bf68614088b80899f8185d706f6e7 -> 
  custom:video-encoder-webm-vp8: eb34c28f22e8b96e1ab97ce403110664 -> 
  custom:audio-decoder-ogg-vorbis: bf7c407c2cedff20999df2af8eb42d56 -> 
  custom:audio-encoder-webm-vorbis: bf7c407c2cedff20999df2af8eb42d56 -> 
========================================================================
Received Prepare
Begin MonoManager ReloadAssembly
Symbol file LoadedFromMemory doesn't match image D:\Programacion\Portfolio\Portfolio\Portfolio\Library\PackageCache\com.unity.visualscripting@1.8.0\Editor\VisualScripting.Core\Dependencies\YamlDotNet\Unity.VisualScripting.YamlDotNet.dll
Symbol file LoadedFromMemory doesn't match image D:\Programacion\Portfolio\Portfolio\Portfolio\Library\PackageCache\com.unity.visualscripting@1.8.0\Editor\VisualScripting.Core\Dependencies\DotNetZip\Unity.VisualScripting.IonicZip.dll
- Loaded All Assemblies, in  0.414 seconds
Refreshing native plugins compatible for Editor in 1.32 ms, found 3 plugins.
Native extension for WindowsStandalone target not found
Native extension for WebGL target not found
Mono: successfully reloaded assembly
- Finished resetting the current domain, in  0.424 seconds
Domain Reload Profiling: 837ms
	BeginReloadAssembly (100ms)
		ExecutionOrderSort (0ms)
		DisableScriptedObjects (3ms)
		BackupInstance (0ms)
		ReleaseScriptingObjects (0ms)
		CreateAndSetChildDomain (30ms)
	RebuildCommonClasses (18ms)
	RebuildNativeTypeToScriptingClass (6ms)
	initialDomainReloadingComplete (18ms)
	LoadAllAssembliesAndSetupDomain (270ms)
		LoadAssemblies (158ms)
		RebuildTransferFunctionScriptingTraits (0ms)
		AnalyzeDomain (150ms)
			TypeCache.Refresh (147ms)
				TypeCache.ScanAssembly (139ms)
			ScanForSourceGeneratedMonoScriptInfo (0ms)
			ResolveRequiredComponents (3ms)
	FinalizeReload (424ms)
		ReleaseScriptCaches (0ms)
		RebuildScriptCaches (0ms)
		SetupLoadedEditorAssemblies (207ms)
			LogAssemblyErrors (0ms)
			InitializePlatformSupportModulesInManaged (5ms)
			SetLoadedEditorAssemblies (2ms)
			RefreshPlugins (0ms)
			BeforeProcessingInitializeOnLoad (41ms)
			ProcessInitializeOnLoadAttributes (140ms)
			ProcessInitializeOnLoadMethodAttributes (13ms)
			AfterProcessingInitializeOnLoad (7ms)
			EditorAssembliesLoaded (0ms)
		ExecutionOrderSort2 (0ms)
		AwakeInstancesAfterBackupRestoration (6ms)
Refreshing native plugins compatible for Editor in 1.41 ms, found 3 plugins.
Preloading 0 native plugins for Editor in 0.00 ms.
Unloading 3507 Unused Serialized files (Serialized files now loaded: 0)
Unloading 24 unused Assets / (95.4 KB). Loaded Objects now: 4040.
Memory consumption went from 133.0 MB to 132.9 MB.
Total: 3.805800 ms (FindLiveObjects: 0.493500 ms CreateObjectMapping: 0.097700 ms MarkObjects: 3.081800 ms  DeleteObjects: 0.131900 ms)

Prepare: number of updated asset objects reloaded= 0
AssetImportParameters requested are different than current active one (requested -> active):
  custom:container-demuxer-ogg: 62fdf1f143b41e24485cea50d1cbac27 -> 
  custom:video-decoder-ogg-theora: a1e56fd34408186e4bbccfd4996cb3dc -> 
  custom:framework-win-MediaFoundation: 216162199b28c13a410421893ffa2e32 -> 
  custom:CustomObjectIndexerAttribute: 756ad292c208cfabdd7b50bc23989ffe -> 
  custom:container-demuxer-webm: 4f35f7cbe854078d1ac9338744f61a02 -> 
  custom:container-muxer-webm: aa71ff27fc2769a1b78a27578f13a17b -> 
  custom:video-decoder-webm-vp8: 9c59270c3fd7afecdb556c50c9e8de78 -> 
  custom:AudioImporter_EditorPlatform: d09bf68614088b80899f8185d706f6e7 -> 
  custom:video-encoder-webm-vp8: eb34c28f22e8b96e1ab97ce403110664 -> 
  custom:audio-decoder-ogg-vorbis: bf7c407c2cedff20999df2af8eb42d56 -> 
  custom:audio-encoder-webm-vorbis: bf7c407c2cedff20999df2af8eb42d56 -> 
========================================================================
Received Prepare
Begin MonoManager ReloadAssembly
Symbol file LoadedFromMemory doesn't match image D:\Programacion\Portfolio\Portfolio\Portfolio\Library\PackageCache\com.unity.visualscripting@1.8.0\Editor\VisualScripting.Core\Dependencies\YamlDotNet\Unity.VisualScripting.YamlDotNet.dll
Symbol file LoadedFromMemory doesn't match image D:\Programacion\Portfolio\Portfolio\Portfolio\Library\PackageCache\com.unity.visualscripting@1.8.0\Editor\VisualScripting.Core\Dependencies\DotNetZip\Unity.VisualScripting.IonicZip.dll
- Loaded All Assemblies, in  0.404 seconds
Refreshing native plugins compatible for Editor in 0.96 ms, found 3 plugins.
Native extension for WindowsStandalone target not found
Native extension for WebGL target not found
Mono: successfully reloaded assembly
- Finished resetting the current domain, in  0.422 seconds
Domain Reload Profiling: 826ms
	BeginReloadAssembly (93ms)
		ExecutionOrderSort (0ms)
		DisableScriptedObjects (3ms)
		BackupInstance (0ms)
		ReleaseScriptingObjects (0ms)
		CreateAndSetChildDomain (27ms)
	RebuildCommonClasses (17ms)
	RebuildNativeTypeToScriptingClass (6ms)
	initialDomainReloadingComplete (17ms)
	LoadAllAssembliesAndSetupDomain (269ms)
		LoadAssemblies (152ms)
		RebuildTransferFunctionScriptingTraits (0ms)
		AnalyzeDomain (154ms)
			TypeCache.Refresh (152ms)
				TypeCache.ScanAssembly (143ms)
			ScanForSourceGeneratedMonoScriptInfo (0ms)
			ResolveRequiredComponents (3ms)
	FinalizeReload (423ms)
		ReleaseScriptCaches (0ms)
		RebuildScriptCaches (0ms)
		SetupLoadedEditorAssemblies (210ms)
			LogAssemblyErrors (0ms)
			InitializePlatformSupportModulesInManaged (5ms)
			SetLoadedEditorAssemblies (2ms)
			RefreshPlugins (0ms)
			BeforeProcessingInitializeOnLoad (37ms)
			ProcessInitializeOnLoadAttributes (150ms)
			ProcessInitializeOnLoadMethodAttributes (11ms)
			AfterProcessingInitializeOnLoad (4ms)
			EditorAssembliesLoaded (0ms)
		ExecutionOrderSort2 (0ms)
		AwakeInstancesAfterBackupRestoration (6ms)
Refreshing native plugins compatible for Editor in 1.17 ms, found 3 plugins.
Preloading 0 native plugins for Editor in 0.00 ms.
Unloading 3507 Unused Serialized files (Serialized files now loaded: 0)
Unloading 24 unused Assets / (79.4 KB). Loaded Objects now: 4043.
Memory consumption went from 133.0 MB to 132.9 MB.
Total: 2.137700 ms (FindLiveObjects: 0.236900 ms CreateObjectMapping: 0.053900 ms MarkObjects: 1.771100 ms  DeleteObjects: 0.075300 ms)

Prepare: number of updated asset objects reloaded= 0
AssetImportParameters requested are different than current active one (requested -> active):
  custom:container-demuxer-ogg: 62fdf1f143b41e24485cea50d1cbac27 -> 
  custom:video-decoder-ogg-theora: a1e56fd34408186e4bbccfd4996cb3dc -> 
  custom:framework-win-MediaFoundation: 216162199b28c13a410421893ffa2e32 -> 
  custom:CustomObjectIndexerAttribute: 756ad292c208cfabdd7b50bc23989ffe -> 
  custom:container-demuxer-webm: 4f35f7cbe854078d1ac9338744f61a02 -> 
  custom:container-muxer-webm: aa71ff27fc2769a1b78a27578f13a17b -> 
  custom:video-decoder-webm-vp8: 9c59270c3fd7afecdb556c50c9e8de78 -> 
  custom:AudioImporter_EditorPlatform: d09bf68614088b80899f8185d706f6e7 -> 
  custom:video-encoder-webm-vp8: eb34c28f22e8b96e1ab97ce403110664 -> 
  custom:audio-decoder-ogg-vorbis: bf7c407c2cedff20999df2af8eb42d56 -> 
  custom:audio-encoder-webm-vorbis: bf7c407c2cedff20999df2af8eb42d56 -> 
========================================================================
Received Prepare
Begin MonoManager ReloadAssembly
Symbol file LoadedFromMemory doesn't match image D:\Programacion\Portfolio\Portfolio\Portfolio\Library\PackageCache\com.unity.visualscripting@1.8.0\Editor\VisualScripting.Core\Dependencies\YamlDotNet\Unity.VisualScripting.YamlDotNet.dll
Symbol file LoadedFromMemory doesn't match image D:\Programacion\Portfolio\Portfolio\Portfolio\Library\PackageCache\com.unity.visualscripting@1.8.0\Editor\VisualScripting.Core\Dependencies\DotNetZip\Unity.VisualScripting.IonicZip.dll
- Loaded All Assemblies, in  0.406 seconds
Refreshing native plugins compatible for Editor in 1.13 ms, found 3 plugins.
Native extension for WindowsStandalone target not found
Native extension for WebGL target not found
Mono: successfully reloaded assembly
- Finished resetting the current domain, in  0.439 seconds
Domain Reload Profiling: 844ms
	BeginReloadAssembly (98ms)
		ExecutionOrderSort (0ms)
		DisableScriptedObjects (3ms)
		BackupInstance (0ms)
		ReleaseScriptingObjects (0ms)
		CreateAndSetChildDomain (35ms)
	RebuildCommonClasses (19ms)
	RebuildNativeTypeToScriptingClass (7ms)
	initialDomainReloadingComplete (17ms)
	LoadAllAssembliesAndSetupDomain (263ms)
		LoadAssemblies (144ms)
		RebuildTransferFunctionScriptingTraits (0ms)
		AnalyzeDomain (153ms)
			TypeCache.Refresh (150ms)
				TypeCache.ScanAssembly (143ms)
			ScanForSourceGeneratedMonoScriptInfo (0ms)
			ResolveRequiredComponents (3ms)
	FinalizeReload (439ms)
		ReleaseScriptCaches (0ms)
		RebuildScriptCaches (0ms)
		SetupLoadedEditorAssemblies (209ms)
			LogAssemblyErrors (0ms)
			InitializePlatformSupportModulesInManaged (6ms)
			SetLoadedEditorAssemblies (2ms)
			RefreshPlugins (0ms)
			BeforeProcessingInitializeOnLoad (42ms)
			ProcessInitializeOnLoadAttributes (145ms)
			ProcessInitializeOnLoadMethodAttributes (10ms)
			AfterProcessingInitializeOnLoad (4ms)
			EditorAssembliesLoaded (0ms)
		ExecutionOrderSort2 (0ms)
		AwakeInstancesAfterBackupRestoration (6ms)
Refreshing native plugins compatible for Editor in 1.28 ms, found 3 plugins.
Preloading 0 native plugins for Editor in 0.00 ms.
Unloading 3507 Unused Serialized files (Serialized files now loaded: 0)
Unloading 24 unused Assets / (95.5 KB). Loaded Objects now: 4046.
Memory consumption went from 133.0 MB to 132.9 MB.
Total: 2.775900 ms (FindLiveObjects: 0.340000 ms CreateObjectMapping: 0.111300 ms MarkObjects: 2.218000 ms  DeleteObjects: 0.105900 ms)

Prepare: number of updated asset objects reloaded= 0
AssetImportParameters requested are different than current active one (requested -> active):
  custom:container-demuxer-ogg: 62fdf1f143b41e24485cea50d1cbac27 -> 
  custom:video-decoder-ogg-theora: a1e56fd34408186e4bbccfd4996cb3dc -> 
  custom:framework-win-MediaFoundation: 216162199b28c13a410421893ffa2e32 -> 
  custom:CustomObjectIndexerAttribute: 756ad292c208cfabdd7b50bc23989ffe -> 
  custom:container-demuxer-webm: 4f35f7cbe854078d1ac9338744f61a02 -> 
  custom:container-muxer-webm: aa71ff27fc2769a1b78a27578f13a17b -> 
  custom:video-decoder-webm-vp8: 9c59270c3fd7afecdb556c50c9e8de78 -> 
  custom:AudioImporter_EditorPlatform: d09bf68614088b80899f8185d706f6e7 -> 
  custom:video-encoder-webm-vp8: eb34c28f22e8b96e1ab97ce403110664 -> 
  custom:audio-decoder-ogg-vorbis: bf7c407c2cedff20999df2af8eb42d56 -> 
  custom:audio-encoder-webm-vorbis: bf7c407c2cedff20999df2af8eb42d56 -> 
========================================================================
Received Prepare
Begin MonoManager ReloadAssembly
Symbol file LoadedFromMemory doesn't match image D:\Programacion\Portfolio\Portfolio\Portfolio\Library\PackageCache\com.unity.visualscripting@1.8.0\Editor\VisualScripting.Core\Dependencies\YamlDotNet\Unity.VisualScripting.YamlDotNet.dll
Symbol file LoadedFromMemory doesn't match image D:\Programacion\Portfolio\Portfolio\Portfolio\Library\PackageCache\com.unity.visualscripting@1.8.0\Editor\VisualScripting.Core\Dependencies\DotNetZip\Unity.VisualScripting.IonicZip.dll
- Loaded All Assemblies, in  0.436 seconds
Refreshing native plugins compatible for Editor in 0.85 ms, found 3 plugins.
Native extension for WindowsStandalone target not found
Native extension for WebGL target not found
Mono: successfully reloaded assembly
- Finished resetting the current domain, in  0.458 seconds
Domain Reload Profiling: 892ms
	BeginReloadAssembly (106ms)
		ExecutionOrderSort (0ms)
		DisableScriptedObjects (3ms)
		BackupInstance (0ms)
		ReleaseScriptingObjects (0ms)
		CreateAndSetChildDomain (31ms)
	RebuildCommonClasses (20ms)
	RebuildNativeTypeToScriptingClass (8ms)
	initialDomainReloadingComplete (23ms)
	LoadAllAssembliesAndSetupDomain (277ms)
		LoadAssemblies (164ms)
		RebuildTransferFunctionScriptingTraits (0ms)
		AnalyzeDomain (157ms)
			TypeCache.Refresh (154ms)
				TypeCache.ScanAssembly (147ms)
			ScanForSourceGeneratedMonoScriptInfo (0ms)
			ResolveRequiredComponents (3ms)
	FinalizeReload (458ms)
		ReleaseScriptCaches (0ms)
		RebuildScriptCaches (0ms)
		SetupLoadedEditorAssemblies (231ms)
			LogAssemblyErrors (0ms)
			InitializePlatformSupportModulesInManaged (5ms)
			SetLoadedEditorAssemblies (2ms)
			RefreshPlugins (0ms)
			BeforeProcessingInitializeOnLoad (42ms)
			ProcessInitializeOnLoadAttributes (164ms)
			ProcessInitializeOnLoadMethodAttributes (13ms)
			AfterProcessingInitializeOnLoad (5ms)
			EditorAssembliesLoaded (0ms)
		ExecutionOrderSort2 (0ms)
		AwakeInstancesAfterBackupRestoration (6ms)
Refreshing native plugins compatible for Editor in 1.48 ms, found 3 plugins.
Preloading 0 native plugins for Editor in 0.00 ms.
Unloading 3507 Unused Serialized files (Serialized files now loaded: 0)
Unloading 24 unused Assets / (71.4 KB). Loaded Objects now: 4049.
Memory consumption went from 133.0 MB to 132.9 MB.
Total: 2.500400 ms (FindLiveObjects: 0.254000 ms CreateObjectMapping: 0.098300 ms MarkObjects: 2.070700 ms  DeleteObjects: 0.076800 ms)

Prepare: number of updated asset objects reloaded= 0
AssetImportParameters requested are different than current active one (requested -> active):
  custom:container-demuxer-ogg: 62fdf1f143b41e24485cea50d1cbac27 -> 
  custom:video-decoder-ogg-theora: a1e56fd34408186e4bbccfd4996cb3dc -> 
  custom:framework-win-MediaFoundation: 216162199b28c13a410421893ffa2e32 -> 
  custom:CustomObjectIndexerAttribute: 756ad292c208cfabdd7b50bc23989ffe -> 
  custom:container-demuxer-webm: 4f35f7cbe854078d1ac9338744f61a02 -> 
  custom:container-muxer-webm: aa71ff27fc2769a1b78a27578f13a17b -> 
  custom:video-decoder-webm-vp8: 9c59270c3fd7afecdb556c50c9e8de78 -> 
  custom:AudioImporter_EditorPlatform: d09bf68614088b80899f8185d706f6e7 -> 
  custom:video-encoder-webm-vp8: eb34c28f22e8b96e1ab97ce403110664 -> 
  custom:audio-decoder-ogg-vorbis: bf7c407c2cedff20999df2af8eb42d56 -> 
  custom:audio-encoder-webm-vorbis: bf7c407c2cedff20999df2af8eb42d56 -> 
