Using pre-set license
Built from '2022.3/staging' branch; Version is '2022.3.4f1 (35713cd46cd7) revision 3502396'; Using compiler version '192829333'; Build Type 'Release'
OS: 'Windows 10  (10.0.19045) 64bit Professional' Language: 'es' Physical Memory: 31891 MB
BatchMode: 1, IsHumanControllingUs: 0, StartBugReporterOnCrash: 0, Is64bit: 1, IsPro: 1

COMMAND LINE ARGUMENTS:
C:\Program Files\Unity\Hub\Editor\2022.3.4f1\Editor\Unity.exe
-adb2
-batchMode
-noUpm
-name
AssetImportWorker9
-projectPath
D:/Programacion/Portfolio/Portfolio/Portfolio
-logFile
Logs/AssetImportWorker9.log
-srvPort
60083
Successfully changed project path to: D:/Programacion/Portfolio/Portfolio/Portfolio
D:/Programacion/Portfolio/Portfolio/Portfolio
[UnityMemory] Configuration Parameters - Can be set up in boot.config
    "memorysetup-bucket-allocator-granularity=16"
    "memorysetup-bucket-allocator-bucket-count=8"
    "memorysetup-bucket-allocator-block-size=33554432"
    "memorysetup-bucket-allocator-block-count=8"
    "memorysetup-main-allocator-block-size=16777216"
    "memorysetup-thread-allocator-block-size=16777216"
    "memorysetup-gfx-main-allocator-block-size=16777216"
    "memorysetup-gfx-thread-allocator-block-size=16777216"
    "memorysetup-cache-allocator-block-size=4194304"
    "memorysetup-typetree-allocator-block-size=2097152"
    "memorysetup-profiler-bucket-allocator-granularity=16"
    "memorysetup-profiler-bucket-allocator-bucket-count=8"
    "memorysetup-profiler-bucket-allocator-block-size=33554432"
    "memorysetup-profiler-bucket-allocator-block-count=8"
    "memorysetup-profiler-allocator-block-size=16777216"
    "memorysetup-profiler-editor-allocator-block-size=1048576"
    "memorysetup-temp-allocator-size-main=16777216"
    "memorysetup-job-temp-allocator-block-size=2097152"
    "memorysetup-job-temp-allocator-block-size-background=1048576"
    "memorysetup-job-temp-allocator-reduction-small-platforms=262144"
    "memorysetup-allocator-temp-initial-block-size-main=262144"
    "memorysetup-allocator-temp-initial-block-size-worker=262144"
    "memorysetup-temp-allocator-size-background-worker=32768"
    "memorysetup-temp-allocator-size-job-worker=262144"
    "memorysetup-temp-allocator-size-preload-manager=33554432"
    "memorysetup-temp-allocator-size-nav-mesh-worker=65536"
    "memorysetup-temp-allocator-size-audio-worker=65536"
    "memorysetup-temp-allocator-size-cloud-worker=32768"
    "memorysetup-temp-allocator-size-gi-baking-worker=262144"
    "memorysetup-temp-allocator-size-gfx=262144"
Player connection [26996] Host "[IP] 192.168.1.33 [Port] 0 [Flags] 2 [Guid] 1694669786 [EditorId] 1694669786 [Version] 1048832 [Id] WindowsEditor(7,DESKTOP-ILG9IT3) [Debug] 1 [PackageName] WindowsEditor [ProjectName] Editor" joined multi-casting on [225.0.0.222:54997]...

Player connection [26996] Host "[IP] 192.168.1.33 [Port] 0 [Flags] 2 [Guid] 1694669786 [EditorId] 1694669786 [Version] 1048832 [Id] WindowsEditor(7,DESKTOP-ILG9IT3) [Debug] 1 [PackageName] WindowsEditor [ProjectName] Editor" joined alternative multi-casting on [225.0.0.222:34997]...

Refreshing native plugins compatible for Editor in 3.75 ms, found 3 plugins.
Preloading 0 native plugins for Editor in 0.00 ms.
Initialize engine version: 2022.3.4f1 (35713cd46cd7)
[Subsystems] Discovering subsystems at path C:/Program Files/Unity/Hub/Editor/2022.3.4f1/Editor/Data/Resources/UnitySubsystems
[Subsystems] Discovering subsystems at path D:/Programacion/Portfolio/Portfolio/Portfolio/Assets
GfxDevice: creating device client; threaded=0; jobified=0
Direct3D:
    Version:  Direct3D 11.0 [level 11.1]
    Renderer: NVIDIA GeForce RTX 4090 (ID=0x2684)
    Vendor:   NVIDIA
    VRAM:     24156 MB
    Driver:   31.0.15.4601
Initialize mono
Mono path[0] = 'C:/Program Files/Unity/Hub/Editor/2022.3.4f1/Editor/Data/Managed'
Mono path[1] = 'C:/Program Files/Unity/Hub/Editor/2022.3.4f1/Editor/Data/MonoBleedingEdge/lib/mono/unityjit-win32'
Mono config path = 'C:/Program Files/Unity/Hub/Editor/2022.3.4f1/Editor/Data/MonoBleedingEdge/etc'
Using monoOptions --debugger-agent=transport=dt_socket,embedding=1,server=y,suspend=n,address=127.0.0.1:56992
Begin MonoManager ReloadAssembly
Registering precompiled unity dll's ...
Register platform support module: C:/Program Files/Unity/Hub/Editor/2022.3.4f1/Editor/Data/PlaybackEngines/WebGLSupport/UnityEditor.WebGL.Extensions.dll
Register platform support module: C:/Program Files/Unity/Hub/Editor/2022.3.4f1/Editor/Data/PlaybackEngines/WindowsStandaloneSupport/UnityEditor.WindowsStandalone.Extensions.dll
Registered in 0.004823 seconds.
- Loaded All Assemblies, in  0.180 seconds
Native extension for WindowsStandalone target not found
Native extension for WebGL target not found
Mono: successfully reloaded assembly
- Finished resetting the current domain, in  0.140 seconds
Domain Reload Profiling: 319ms
	BeginReloadAssembly (43ms)
		ExecutionOrderSort (0ms)
		DisableScriptedObjects (0ms)
		BackupInstance (0ms)
		ReleaseScriptingObjects (0ms)
		CreateAndSetChildDomain (0ms)
	RebuildCommonClasses (19ms)
	RebuildNativeTypeToScriptingClass (6ms)
	initialDomainReloadingComplete (33ms)
	LoadAllAssembliesAndSetupDomain (78ms)
		LoadAssemblies (42ms)
		RebuildTransferFunctionScriptingTraits (0ms)
		AnalyzeDomain (74ms)
			TypeCache.Refresh (74ms)
				TypeCache.ScanAssembly (67ms)
			ScanForSourceGeneratedMonoScriptInfo (0ms)
			ResolveRequiredComponents (0ms)
	FinalizeReload (140ms)
		ReleaseScriptCaches (0ms)
		RebuildScriptCaches (0ms)
		SetupLoadedEditorAssemblies (109ms)
			LogAssemblyErrors (0ms)
			InitializePlatformSupportModulesInManaged (6ms)
			SetLoadedEditorAssemblies (3ms)
			RefreshPlugins (0ms)
			BeforeProcessingInitializeOnLoad (1ms)
			ProcessInitializeOnLoadAttributes (74ms)
			ProcessInitializeOnLoadMethodAttributes (25ms)
			AfterProcessingInitializeOnLoad (0ms)
			EditorAssembliesLoaded (0ms)
		ExecutionOrderSort2 (0ms)
		AwakeInstancesAfterBackupRestoration (0ms)
========================================================================
Worker process is ready to serve import requests
Begin MonoManager ReloadAssembly
Symbol file LoadedFromMemory doesn't match image D:\Programacion\Portfolio\Portfolio\Portfolio\Library\PackageCache\com.unity.visualscripting@1.8.0\Editor\VisualScripting.Core\Dependencies\YamlDotNet\Unity.VisualScripting.YamlDotNet.dll
Symbol file LoadedFromMemory doesn't match image D:\Programacion\Portfolio\Portfolio\Portfolio\Library\PackageCache\com.unity.visualscripting@1.8.0\Editor\VisualScripting.Core\Dependencies\DotNetZip\Unity.VisualScripting.IonicZip.dll
- Loaded All Assemblies, in  0.405 seconds
Refreshing native plugins compatible for Editor in 0.84 ms, found 3 plugins.
Native extension for WindowsStandalone target not found
Native extension for WebGL target not found
Mono: successfully reloaded assembly
- Finished resetting the current domain, in  0.274 seconds
Domain Reload Profiling: 677ms
	BeginReloadAssembly (79ms)
		ExecutionOrderSort (0ms)
		DisableScriptedObjects (3ms)
		BackupInstance (0ms)
		ReleaseScriptingObjects (0ms)
		CreateAndSetChildDomain (19ms)
	RebuildCommonClasses (18ms)
	RebuildNativeTypeToScriptingClass (6ms)
	initialDomainReloadingComplete (24ms)
	LoadAllAssembliesAndSetupDomain (276ms)
		LoadAssemblies (148ms)
		RebuildTransferFunctionScriptingTraits (0ms)
		AnalyzeDomain (162ms)
			TypeCache.Refresh (150ms)
				TypeCache.ScanAssembly (143ms)
			ScanForSourceGeneratedMonoScriptInfo (9ms)
			ResolveRequiredComponents (2ms)
	FinalizeReload (274ms)
		ReleaseScriptCaches (0ms)
		RebuildScriptCaches (0ms)
		SetupLoadedEditorAssemblies (195ms)
			LogAssemblyErrors (0ms)
			InitializePlatformSupportModulesInManaged (5ms)
			SetLoadedEditorAssemblies (2ms)
			RefreshPlugins (0ms)
			BeforeProcessingInitializeOnLoad (34ms)
			ProcessInitializeOnLoadAttributes (140ms)
			ProcessInitializeOnLoadMethodAttributes (10ms)
			AfterProcessingInitializeOnLoad (5ms)
			EditorAssembliesLoaded (0ms)
		ExecutionOrderSort2 (0ms)
		AwakeInstancesAfterBackupRestoration (3ms)
Launched and connected shader compiler UnityShaderCompiler.exe after 0.04 seconds
Refreshing native plugins compatible for Editor in 1.00 ms, found 3 plugins.
Preloading 0 native plugins for Editor in 0.00 ms.
Unloading 3546 Unused Serialized files (Serialized files now loaded: 0)
Unloading 36 unused Assets / (98.4 KB). Loaded Objects now: 4013.
Memory consumption went from 136.7 MB to 136.6 MB.
Total: 3.516800 ms (FindLiveObjects: 0.230300 ms CreateObjectMapping: 0.104000 ms MarkObjects: 2.998600 ms  DeleteObjects: 0.183100 ms)

AssetImportParameters requested are different than current active one (requested -> active):
  custom:container-demuxer-ogg: 62fdf1f143b41e24485cea50d1cbac27 -> 
  custom:video-decoder-ogg-theora: a1e56fd34408186e4bbccfd4996cb3dc -> 
  custom:framework-win-MediaFoundation: 216162199b28c13a410421893ffa2e32 -> 
  custom:CustomObjectIndexerAttribute: 756ad292c208cfabdd7b50bc23989ffe -> 
  custom:container-demuxer-webm: 4f35f7cbe854078d1ac9338744f61a02 -> 
  custom:container-muxer-webm: aa71ff27fc2769a1b78a27578f13a17b -> 
  custom:video-decoder-webm-vp8: 9c59270c3fd7afecdb556c50c9e8de78 -> 
  custom:AudioImporter_EditorPlatform: d09bf68614088b80899f8185d706f6e7 -> 
  custom:video-encoder-webm-vp8: eb34c28f22e8b96e1ab97ce403110664 -> 
  custom:audio-decoder-ogg-vorbis: bf7c407c2cedff20999df2af8eb42d56 -> 
  custom:audio-encoder-webm-vorbis: bf7c407c2cedff20999df2af8eb42d56 -> 
========================================================================
Received Prepare
Begin MonoManager ReloadAssembly
Symbol file LoadedFromMemory doesn't match image D:\Programacion\Portfolio\Portfolio\Portfolio\Library\PackageCache\com.unity.visualscripting@1.8.0\Editor\VisualScripting.Core\Dependencies\YamlDotNet\Unity.VisualScripting.YamlDotNet.dll
Symbol file LoadedFromMemory doesn't match image D:\Programacion\Portfolio\Portfolio\Portfolio\Library\PackageCache\com.unity.visualscripting@1.8.0\Editor\VisualScripting.Core\Dependencies\DotNetZip\Unity.VisualScripting.IonicZip.dll
- Loaded All Assemblies, in  0.373 seconds
Refreshing native plugins compatible for Editor in 0.98 ms, found 3 plugins.
Native extension for WindowsStandalone target not found
Native extension for WebGL target not found
Mono: successfully reloaded assembly
- Finished resetting the current domain, in  0.396 seconds
Domain Reload Profiling: 768ms
	BeginReloadAssembly (89ms)
		ExecutionOrderSort (0ms)
		DisableScriptedObjects (3ms)
		BackupInstance (0ms)
		ReleaseScriptingObjects (0ms)
		CreateAndSetChildDomain (28ms)
	RebuildCommonClasses (20ms)
	RebuildNativeTypeToScriptingClass (6ms)
	initialDomainReloadingComplete (16ms)
	LoadAllAssembliesAndSetupDomain (240ms)
		LoadAssemblies (127ms)
		RebuildTransferFunctionScriptingTraits (0ms)
		AnalyzeDomain (146ms)
			TypeCache.Refresh (143ms)
				TypeCache.ScanAssembly (136ms)
			ScanForSourceGeneratedMonoScriptInfo (0ms)
			ResolveRequiredComponents (3ms)
	FinalizeReload (396ms)
		ReleaseScriptCaches (0ms)
		RebuildScriptCaches (0ms)
		SetupLoadedEditorAssemblies (207ms)
			LogAssemblyErrors (0ms)
			InitializePlatformSupportModulesInManaged (4ms)
			SetLoadedEditorAssemblies (2ms)
			RefreshPlugins (0ms)
			BeforeProcessingInitializeOnLoad (39ms)
			ProcessInitializeOnLoadAttributes (146ms)
			ProcessInitializeOnLoadMethodAttributes (11ms)
			AfterProcessingInitializeOnLoad (5ms)
			EditorAssembliesLoaded (0ms)
		ExecutionOrderSort2 (0ms)
		AwakeInstancesAfterBackupRestoration (6ms)
Refreshing native plugins compatible for Editor in 0.95 ms, found 3 plugins.
Preloading 0 native plugins for Editor in 0.00 ms.
Unloading 3507 Unused Serialized files (Serialized files now loaded: 0)
Unloading 24 unused Assets / (95.3 KB). Loaded Objects now: 4016.
Memory consumption went from 128.3 MB to 128.2 MB.
Total: 2.274200 ms (FindLiveObjects: 0.234600 ms CreateObjectMapping: 0.050600 ms MarkObjects: 1.899800 ms  DeleteObjects: 0.088800 ms)

Prepare: number of updated asset objects reloaded= 0
AssetImportParameters requested are different than current active one (requested -> active):
  custom:container-demuxer-ogg: 62fdf1f143b41e24485cea50d1cbac27 -> 
  custom:video-decoder-ogg-theora: a1e56fd34408186e4bbccfd4996cb3dc -> 
  custom:framework-win-MediaFoundation: 216162199b28c13a410421893ffa2e32 -> 
  custom:CustomObjectIndexerAttribute: 756ad292c208cfabdd7b50bc23989ffe -> 
  custom:container-demuxer-webm: 4f35f7cbe854078d1ac9338744f61a02 -> 
  custom:container-muxer-webm: aa71ff27fc2769a1b78a27578f13a17b -> 
  custom:video-decoder-webm-vp8: 9c59270c3fd7afecdb556c50c9e8de78 -> 
  custom:AudioImporter_EditorPlatform: d09bf68614088b80899f8185d706f6e7 -> 
  custom:video-encoder-webm-vp8: eb34c28f22e8b96e1ab97ce403110664 -> 
  custom:audio-decoder-ogg-vorbis: bf7c407c2cedff20999df2af8eb42d56 -> 
  custom:audio-encoder-webm-vorbis: bf7c407c2cedff20999df2af8eb42d56 -> 
========================================================================
Received Import Request.
  Time since last request: 29202.826273 seconds.
  path: Assets/Pruebas random generation/Prefab/Carretera Z.prefab
  artifactKey: Guid(b6207b2650222574cb461c470cfcf959) Importer(815301076,1909f56bfc062723c751e8b465ee728b)
Start importing Assets/Pruebas random generation/Prefab/Carretera Z.prefab using Guid(b6207b2650222574cb461c470cfcf959) Importer(815301076,1909f56bfc062723c751e8b465ee728b)  -> (artifact id: 'df771f2ae5c0f8a4d2bef6babdd42278') in 0.067708 seconds
Number of updated asset objects reloaded before import = 0
Number of asset objects unloaded after import = 119
========================================================================
Received Import Request.
  Time since last request: 0.000016 seconds.
  path: Assets/Pruebas random generation/Prefab/Giro +X -Z.prefab
  artifactKey: Guid(8d7989c8c5b034741a5064fc26a65bb8) Importer(815301076,1909f56bfc062723c751e8b465ee728b)
Start importing Assets/Pruebas random generation/Prefab/Giro +X -Z.prefab using Guid(8d7989c8c5b034741a5064fc26a65bb8) Importer(815301076,1909f56bfc062723c751e8b465ee728b)  -> (artifact id: 'f3c1e2c9781eb850f4a1eff5102d10ad') in 0.007050 seconds
Number of updated asset objects reloaded before import = 0
Number of asset objects unloaded after import = 119
========================================================================
Received Import Request.
  Time since last request: 0.000014 seconds.
  path: Assets/Pruebas random generation/Prefab/Giro -X -Z.prefab
  artifactKey: Guid(cf382273384c5a744a2f45331d5bccff) Importer(815301076,1909f56bfc062723c751e8b465ee728b)
Start importing Assets/Pruebas random generation/Prefab/Giro -X -Z.prefab using Guid(cf382273384c5a744a2f45331d5bccff) Importer(815301076,1909f56bfc062723c751e8b465ee728b)  -> (artifact id: '7471024375d7e2b119c6a0ffe3878332') in 0.011164 seconds
Number of updated asset objects reloaded before import = 0
Number of asset objects unloaded after import = 119
========================================================================
Received Import Request.
  Time since last request: 0.000012 seconds.
  path: Assets/Pruebas random generation/Prefab/Cruce.prefab
  artifactKey: Guid(b487dccc306a5244e94aa72d07022250) Importer(815301076,1909f56bfc062723c751e8b465ee728b)
Start importing Assets/Pruebas random generation/Prefab/Cruce.prefab using Guid(b487dccc306a5244e94aa72d07022250) Importer(815301076,1909f56bfc062723c751e8b465ee728b)  -> (artifact id: '5f1190b3eb759a5059c22e12b122a993') in 0.009075 seconds
Number of updated asset objects reloaded before import = 0
Number of asset objects unloaded after import = 119
========================================================================
Received Import Request.
  Time since last request: 0.000011 seconds.
  path: Assets/Pruebas random generation/Prefab/Giro -X +Z.prefab
  artifactKey: Guid(33657644194e7954d96ca53d52a822c9) Importer(815301076,1909f56bfc062723c751e8b465ee728b)
Start importing Assets/Pruebas random generation/Prefab/Giro -X +Z.prefab using Guid(33657644194e7954d96ca53d52a822c9) Importer(815301076,1909f56bfc062723c751e8b465ee728b)  -> (artifact id: 'b1037e386047ea89da6fbfc397c48de9') in 0.007959 seconds
Number of updated asset objects reloaded before import = 0
Number of asset objects unloaded after import = 119
========================================================================
Received Import Request.
  Time since last request: 9.176483 seconds.
  path: Assets/Pruebas random generation/Prefab/Giro +X -Z.prefab
  artifactKey: Guid(8d7989c8c5b034741a5064fc26a65bb8) Importer(815301076,1909f56bfc062723c751e8b465ee728b)
Start importing Assets/Pruebas random generation/Prefab/Giro +X -Z.prefab using Guid(8d7989c8c5b034741a5064fc26a65bb8) Importer(815301076,1909f56bfc062723c751e8b465ee728b)  -> (artifact id: '8efdc4f92388c80c3a53956143b5c83b') in 0.011423 seconds
Number of updated asset objects reloaded before import = 0
Number of asset objects unloaded after import = 119
========================================================================
Received Import Request.
  Time since last request: 0.000010 seconds.
  path: Assets/Pruebas random generation/Prefab/Giro -X -Z.prefab
  artifactKey: Guid(cf382273384c5a744a2f45331d5bccff) Importer(815301076,1909f56bfc062723c751e8b465ee728b)
Start importing Assets/Pruebas random generation/Prefab/Giro -X -Z.prefab using Guid(cf382273384c5a744a2f45331d5bccff) Importer(815301076,1909f56bfc062723c751e8b465ee728b)  -> (artifact id: '29cdf99933104c18602f0eab0138378d') in 0.005564 seconds
Number of updated asset objects reloaded before import = 0
Number of asset objects unloaded after import = 119
========================================================================
Received Import Request.
  Time since last request: 0.000010 seconds.
  path: Assets/Pruebas random generation/Prefab/Grass.prefab
  artifactKey: Guid(2fd946ece2c2d3445ac9d18710c01f6f) Importer(815301076,1909f56bfc062723c751e8b465ee728b)
Start importing Assets/Pruebas random generation/Prefab/Grass.prefab using Guid(2fd946ece2c2d3445ac9d18710c01f6f) Importer(815301076,1909f56bfc062723c751e8b465ee728b)  -> (artifact id: 'de9249f1e01a8ca56e51b9c6fef8106c') in 0.005251 seconds
Number of updated asset objects reloaded before import = 0
Number of asset objects unloaded after import = 119
========================================================================
Received Import Request.
  Time since last request: 2.597363 seconds.
  path: Assets/Pruebas random generation/Prefab/Giro +X -Z.prefab
  artifactKey: Guid(8d7989c8c5b034741a5064fc26a65bb8) Importer(815301076,1909f56bfc062723c751e8b465ee728b)
Start importing Assets/Pruebas random generation/Prefab/Giro +X -Z.prefab using Guid(8d7989c8c5b034741a5064fc26a65bb8) Importer(815301076,1909f56bfc062723c751e8b465ee728b)  -> (artifact id: '0d599aec2257f825d26d0de20a3dcdba') in 0.013590 seconds
Number of updated asset objects reloaded before import = 0
Number of asset objects unloaded after import = 119
========================================================================
Received Import Request.
  Time since last request: 0.000012 seconds.
  path: Assets/Pruebas random generation/Prefab/Node.prefab
  artifactKey: Guid(e9613df89c1098c42a35fd7e9c2ef50c) Importer(815301076,1909f56bfc062723c751e8b465ee728b)
Start importing Assets/Pruebas random generation/Prefab/Node.prefab using Guid(e9613df89c1098c42a35fd7e9c2ef50c) Importer(815301076,1909f56bfc062723c751e8b465ee728b)  -> (artifact id: 'cb29b87d0f3752da7f231359445c4a26') in 0.005578 seconds
Number of updated asset objects reloaded before import = 0
Number of asset objects unloaded after import = 127
========================================================================
Received Import Request.
  Time since last request: 3.399344 seconds.
  path: Assets/Pruebas random generation/Prefab/Giro +X -Z.prefab
  artifactKey: Guid(8d7989c8c5b034741a5064fc26a65bb8) Importer(815301076,1909f56bfc062723c751e8b465ee728b)
Start importing Assets/Pruebas random generation/Prefab/Giro +X -Z.prefab using Guid(8d7989c8c5b034741a5064fc26a65bb8) Importer(815301076,1909f56bfc062723c751e8b465ee728b)  -> (artifact id: '35538d3f5418512faa58f8288122089d') in 0.006190 seconds
Number of updated asset objects reloaded before import = 0
Number of asset objects unloaded after import = 119
========================================================================
Received Import Request.
  Time since last request: 0.000013 seconds.
  path: Assets/Pruebas random generation/Prefab/Giro -X -Z.prefab
  artifactKey: Guid(cf382273384c5a744a2f45331d5bccff) Importer(815301076,1909f56bfc062723c751e8b465ee728b)
Start importing Assets/Pruebas random generation/Prefab/Giro -X -Z.prefab using Guid(cf382273384c5a744a2f45331d5bccff) Importer(815301076,1909f56bfc062723c751e8b465ee728b)  -> (artifact id: '7320f2046e9bcbe5ef75ef73c211a87f') in 0.008714 seconds
Number of updated asset objects reloaded before import = 0
Number of asset objects unloaded after import = 119
========================================================================
Received Import Request.
  Time since last request: 3.966609 seconds.
  path: Assets/Pruebas random generation/Prefab/Giro +X -Z.prefab
  artifactKey: Guid(8d7989c8c5b034741a5064fc26a65bb8) Importer(815301076,1909f56bfc062723c751e8b465ee728b)
Start importing Assets/Pruebas random generation/Prefab/Giro +X -Z.prefab using Guid(8d7989c8c5b034741a5064fc26a65bb8) Importer(815301076,1909f56bfc062723c751e8b465ee728b)  -> (artifact id: '76eb4c14c06d122882e83e37d01feb8f') in 0.016045 seconds
Number of updated asset objects reloaded before import = 0
Number of asset objects unloaded after import = 119
========================================================================
Received Import Request.
  Time since last request: 0.000013 seconds.
  path: Assets/Pruebas random generation/Prefab/Node.prefab
  artifactKey: Guid(e9613df89c1098c42a35fd7e9c2ef50c) Importer(815301076,1909f56bfc062723c751e8b465ee728b)
Start importing Assets/Pruebas random generation/Prefab/Node.prefab using Guid(e9613df89c1098c42a35fd7e9c2ef50c) Importer(815301076,1909f56bfc062723c751e8b465ee728b)  -> (artifact id: 'd316a3c2b66ecff47b0756b0778ab5cc') in 0.008769 seconds
Number of updated asset objects reloaded before import = 0
Number of asset objects unloaded after import = 127
========================================================================
Received Import Request.
  Time since last request: 1.566402 seconds.
  path: Assets/Pruebas random generation/Prefab/Giro +X -Z.prefab
  artifactKey: Guid(8d7989c8c5b034741a5064fc26a65bb8) Importer(815301076,1909f56bfc062723c751e8b465ee728b)
Start importing Assets/Pruebas random generation/Prefab/Giro +X -Z.prefab using Guid(8d7989c8c5b034741a5064fc26a65bb8) Importer(815301076,1909f56bfc062723c751e8b465ee728b)  -> (artifact id: '6f7bf27f3ba89dc71e640fd4e192a97b') in 0.105359 seconds
Number of updated asset objects reloaded before import = 0
Number of asset objects unloaded after import = 119
========================================================================
Received Import Request.
  Time since last request: 0.000015 seconds.
  path: Assets/Pruebas random generation/Prefab/Node.prefab
  artifactKey: Guid(e9613df89c1098c42a35fd7e9c2ef50c) Importer(815301076,1909f56bfc062723c751e8b465ee728b)
Start importing Assets/Pruebas random generation/Prefab/Node.prefab using Guid(e9613df89c1098c42a35fd7e9c2ef50c) Importer(815301076,1909f56bfc062723c751e8b465ee728b)  -> (artifact id: '3d14df962918aa6d6763089194b28696') in 0.006081 seconds
Number of updated asset objects reloaded before import = 0
Number of asset objects unloaded after import = 127
========================================================================
Received Import Request.
  Time since last request: 1.754531 seconds.
  path: Assets/Pruebas random generation/Prefab/Giro +X -Z.prefab
  artifactKey: Guid(8d7989c8c5b034741a5064fc26a65bb8) Importer(815301076,1909f56bfc062723c751e8b465ee728b)
Start importing Assets/Pruebas random generation/Prefab/Giro +X -Z.prefab using Guid(8d7989c8c5b034741a5064fc26a65bb8) Importer(815301076,1909f56bfc062723c751e8b465ee728b)  -> (artifact id: '11c42827e8dae00f7f3801132f616792') in 0.021217 seconds
Number of updated asset objects reloaded before import = 0
Number of asset objects unloaded after import = 119
========================================================================
Received Import Request.
  Time since last request: 2.794288 seconds.
  path: Assets/Pruebas random generation/Prefab/Giro +X -Z.prefab
  artifactKey: Guid(8d7989c8c5b034741a5064fc26a65bb8) Importer(815301076,1909f56bfc062723c751e8b465ee728b)
Start importing Assets/Pruebas random generation/Prefab/Giro +X -Z.prefab using Guid(8d7989c8c5b034741a5064fc26a65bb8) Importer(815301076,1909f56bfc062723c751e8b465ee728b)  -> (artifact id: '6029beccb9a9b261f8af849d767cada0') in 0.016097 seconds
Number of updated asset objects reloaded before import = 0
Number of asset objects unloaded after import = 20
========================================================================
Received Import Request.
  Time since last request: 1.404212 seconds.
  path: Assets/Pruebas random generation/Prefab/Giro +X -Z.prefab
  artifactKey: Guid(8d7989c8c5b034741a5064fc26a65bb8) Importer(815301076,1909f56bfc062723c751e8b465ee728b)
Start importing Assets/Pruebas random generation/Prefab/Giro +X -Z.prefab using Guid(8d7989c8c5b034741a5064fc26a65bb8) Importer(815301076,1909f56bfc062723c751e8b465ee728b)  -> (artifact id: '0978e18a68b7b93e3ddce87faf43f8dc') in 0.005437 seconds
Number of updated asset objects reloaded before import = 0
Number of asset objects unloaded after import = 20
========================================================================
Received Import Request.
  Time since last request: 0.000009 seconds.
  path: Assets/Pruebas random generation/Prefab/Giro -X -Z.prefab
  artifactKey: Guid(cf382273384c5a744a2f45331d5bccff) Importer(815301076,1909f56bfc062723c751e8b465ee728b)
Start importing Assets/Pruebas random generation/Prefab/Giro -X -Z.prefab using Guid(cf382273384c5a744a2f45331d5bccff) Importer(815301076,1909f56bfc062723c751e8b465ee728b)  -> (artifact id: '72b9722fb1ffe132e2c006fda74bfd87') in 0.003599 seconds
Number of updated asset objects reloaded before import = 0
Number of asset objects unloaded after import = 20
Editor requested this worker to shutdown with reason: Scaling down because of idle timeout
TcpMessagingSession - receive error: operation aborted. errorcode: 995, details: La operación de E/S se anuló por una salida de subproceso o por una solicitud de aplicación.
AssetImportWorker is now disconnected from the server
Process exiting
Exiting without the bug reporter. Application will terminate with return code 0